Determining if files linux/input.h exist failed with the following output:
Change Dir: /Users/ejunior/Desktop/allegro-5.2.4.0/CMakeFiles/CMakeTmp

Run Build Command:"/usr/bin/make" "cmTC_d6ba5/fast"
/Library/Developer/CommandLineTools/usr/bin/make -f CMakeFiles/cmTC_d6ba5.dir/build.make CMakeFiles/cmTC_d6ba5.dir/build
Building C object CMakeFiles/cmTC_d6ba5.dir/ALLEGRO_HAVE_LINUX_INPUT_H.c.o
/Library/Developer/CommandLineTools/usr/bin/cc   -fno-common -msse -W -Wall -Wpointer-arith -Wmissing-declarations -Wstrict-prototypes    -o CMakeFiles/cmTC_d6ba5.dir/ALLEGRO_HAVE_LINUX_INPUT_H.c.o   -c /Users/ejunior/Desktop/allegro-5.2.4.0/CMakeFiles/CheckIncludeFiles/ALLEGRO_HAVE_LINUX_INPUT_H.c
/Users/ejunior/Desktop/allegro-5.2.4.0/CMakeFiles/CheckIncludeFiles/ALLEGRO_HAVE_LINUX_INPUT_H.c:2:10: fatal error: 'linux/input.h' file not found
#include <linux/input.h>
         ^~~~~~~~~~~~~~~
1 error generated.
make[1]: *** [CMakeFiles/cmTC_d6ba5.dir/ALLEGRO_HAVE_LINUX_INPUT_H.c.o] Error 1
make: *** [cmTC_d6ba5/fast] Error 2

Source:
/* */
#include <linux/input.h>


int main(void){return 0;}

Determining if files sys/io.h exist failed with the following output:
Change Dir: /Users/ejunior/Desktop/allegro-5.2.4.0/CMakeFiles/CMakeTmp

Run Build Command:"/usr/bin/make" "cmTC_e5109/fast"
/Library/Developer/CommandLineTools/usr/bin/make -f CMakeFiles/cmTC_e5109.dir/build.make CMakeFiles/cmTC_e5109.dir/build
Building C object CMakeFiles/cmTC_e5109.dir/ALLEGRO_HAVE_SYS_IO_H.c.o
/Library/Developer/CommandLineTools/usr/bin/cc   -fno-common -msse -W -Wall -Wpointer-arith -Wmissing-declarations -Wstrict-prototypes    -o CMakeFiles/cmTC_e5109.dir/ALLEGRO_HAVE_SYS_IO_H.c.o   -c /Users/ejunior/Desktop/allegro-5.2.4.0/CMakeFiles/CheckIncludeFiles/ALLEGRO_HAVE_SYS_IO_H.c
/Users/ejunior/Desktop/allegro-5.2.4.0/CMakeFiles/CheckIncludeFiles/ALLEGRO_HAVE_SYS_IO_H.c:2:10: fatal error: 'sys/io.h' file not found
#include <sys/io.h>
         ^~~~~~~~~~
1 error generated.
make[1]: *** [CMakeFiles/cmTC_e5109.dir/ALLEGRO_HAVE_SYS_IO_H.c.o] Error 1
make: *** [cmTC_e5109/fast] Error 2

Source:
/* */
#include <sys/io.h>


int main(void){return 0;}

Determining if files soundcard.h exist failed with the following output:
Change Dir: /Users/ejunior/Desktop/allegro-5.2.4.0/CMakeFiles/CMakeTmp

Run Build Command:"/usr/bin/make" "cmTC_dd016/fast"
/Library/Developer/CommandLineTools/usr/bin/make -f CMakeFiles/cmTC_dd016.dir/build.make CMakeFiles/cmTC_dd016.dir/build
Building C object CMakeFiles/cmTC_dd016.dir/ALLEGRO_HAVE_SOUNDCARD_H.c.o
/Library/Developer/CommandLineTools/usr/bin/cc   -fno-common -msse -W -Wall -Wpointer-arith -Wmissing-declarations -Wstrict-prototypes    -o CMakeFiles/cmTC_dd016.dir/ALLEGRO_HAVE_SOUNDCARD_H.c.o   -c /Users/ejunior/Desktop/allegro-5.2.4.0/CMakeFiles/CheckIncludeFiles/ALLEGRO_HAVE_SOUNDCARD_H.c
/Users/ejunior/Desktop/allegro-5.2.4.0/CMakeFiles/CheckIncludeFiles/ALLEGRO_HAVE_SOUNDCARD_H.c:2:10: fatal error: 'soundcard.h' file not found
#include <soundcard.h>
         ^~~~~~~~~~~~~
1 error generated.
make[1]: *** [CMakeFiles/cmTC_dd016.dir/ALLEGRO_HAVE_SOUNDCARD_H.c.o] Error 1
make: *** [cmTC_dd016/fast] Error 2

Source:
/* */
#include <soundcard.h>


int main(void){return 0;}

Determining if files sys/soundcard.h exist failed with the following output:
Change Dir: /Users/ejunior/Desktop/allegro-5.2.4.0/CMakeFiles/CMakeTmp

Run Build Command:"/usr/bin/make" "cmTC_23f6e/fast"
/Library/Developer/CommandLineTools/usr/bin/make -f CMakeFiles/cmTC_23f6e.dir/build.make CMakeFiles/cmTC_23f6e.dir/build
Building C object CMakeFiles/cmTC_23f6e.dir/ALLEGRO_HAVE_SYS_SOUNDCARD_H.c.o
/Library/Developer/CommandLineTools/usr/bin/cc   -fno-common -msse -W -Wall -Wpointer-arith -Wmissing-declarations -Wstrict-prototypes    -o CMakeFiles/cmTC_23f6e.dir/ALLEGRO_HAVE_SYS_SOUNDCARD_H.c.o   -c /Users/ejunior/Desktop/allegro-5.2.4.0/CMakeFiles/CheckIncludeFiles/ALLEGRO_HAVE_SYS_SOUNDCARD_H.c
/Users/ejunior/Desktop/allegro-5.2.4.0/CMakeFiles/CheckIncludeFiles/ALLEGRO_HAVE_SYS_SOUNDCARD_H.c:2:10: fatal error: 'sys/soundcard.h' file not found
#include <sys/soundcard.h>
         ^~~~~~~~~~~~~~~~~
1 error generated.
make[1]: *** [CMakeFiles/cmTC_23f6e.dir/ALLEGRO_HAVE_SYS_SOUNDCARD_H.c.o] Error 1
make: *** [cmTC_23f6e/fast] Error 2

Source:
/* */
#include <sys/soundcard.h>


int main(void){return 0;}

Determining if files machine/soundcard.h exist failed with the following output:
Change Dir: /Users/ejunior/Desktop/allegro-5.2.4.0/CMakeFiles/CMakeTmp

Run Build Command:"/usr/bin/make" "cmTC_81263/fast"
/Library/Developer/CommandLineTools/usr/bin/make -f CMakeFiles/cmTC_81263.dir/build.make CMakeFiles/cmTC_81263.dir/build
Building C object CMakeFiles/cmTC_81263.dir/ALLEGRO_HAVE_MACHINE_SOUNDCARD_H.c.o
/Library/Developer/CommandLineTools/usr/bin/cc   -fno-common -msse -W -Wall -Wpointer-arith -Wmissing-declarations -Wstrict-prototypes    -o CMakeFiles/cmTC_81263.dir/ALLEGRO_HAVE_MACHINE_SOUNDCARD_H.c.o   -c /Users/ejunior/Desktop/allegro-5.2.4.0/CMakeFiles/CheckIncludeFiles/ALLEGRO_HAVE_MACHINE_SOUNDCARD_H.c
/Users/ejunior/Desktop/allegro-5.2.4.0/CMakeFiles/CheckIncludeFiles/ALLEGRO_HAVE_MACHINE_SOUNDCARD_H.c:2:10: fatal error: 'machine/soundcard.h' file not found
#include <machine/soundcard.h>
         ^~~~~~~~~~~~~~~~~~~~~
1 error generated.
make[1]: *** [CMakeFiles/cmTC_81263.dir/ALLEGRO_HAVE_MACHINE_SOUNDCARD_H.c.o] Error 1
make: *** [cmTC_81263/fast] Error 2

Source:
/* */
#include <machine/soundcard.h>


int main(void){return 0;}

Determining if files linux/soundcard.h exist failed with the following output:
Change Dir: /Users/ejunior/Desktop/allegro-5.2.4.0/CMakeFiles/CMakeTmp

Run Build Command:"/usr/bin/make" "cmTC_d9d5a/fast"
/Library/Developer/CommandLineTools/usr/bin/make -f CMakeFiles/cmTC_d9d5a.dir/build.make CMakeFiles/cmTC_d9d5a.dir/build
Building C object CMakeFiles/cmTC_d9d5a.dir/ALLEGRO_HAVE_LINUX_SOUNDCARD_H.c.o
/Library/Developer/CommandLineTools/usr/bin/cc   -fno-common -msse -W -Wall -Wpointer-arith -Wmissing-declarations -Wstrict-prototypes    -o CMakeFiles/cmTC_d9d5a.dir/ALLEGRO_HAVE_LINUX_SOUNDCARD_H.c.o   -c /Users/ejunior/Desktop/allegro-5.2.4.0/CMakeFiles/CheckIncludeFiles/ALLEGRO_HAVE_LINUX_SOUNDCARD_H.c
/Users/ejunior/Desktop/allegro-5.2.4.0/CMakeFiles/CheckIncludeFiles/ALLEGRO_HAVE_LINUX_SOUNDCARD_H.c:2:10: fatal error: 'linux/soundcard.h' file not found
#include <linux/soundcard.h>
         ^~~~~~~~~~~~~~~~~~~
1 error generated.
make[1]: *** [CMakeFiles/cmTC_d9d5a.dir/ALLEGRO_HAVE_LINUX_SOUNDCARD_H.c.o] Error 1
make: *** [cmTC_d9d5a/fast] Error 2

Source:
/* */
#include <linux/soundcard.h>


int main(void){return 0;}

Determining if files sys/inotify.h exist failed with the following output:
Change Dir: /Users/ejunior/Desktop/allegro-5.2.4.0/CMakeFiles/CMakeTmp

Run Build Command:"/usr/bin/make" "cmTC_a4356/fast"
/Library/Developer/CommandLineTools/usr/bin/make -f CMakeFiles/cmTC_a4356.dir/build.make CMakeFiles/cmTC_a4356.dir/build
Building C object CMakeFiles/cmTC_a4356.dir/ALLEGRO_HAVE_SYS_INOTIFY_H.c.o
/Library/Developer/CommandLineTools/usr/bin/cc   -fno-common -msse -W -Wall -Wpointer-arith -Wmissing-declarations -Wstrict-prototypes    -o CMakeFiles/cmTC_a4356.dir/ALLEGRO_HAVE_SYS_INOTIFY_H.c.o   -c /Users/ejunior/Desktop/allegro-5.2.4.0/CMakeFiles/CheckIncludeFiles/ALLEGRO_HAVE_SYS_INOTIFY_H.c
/Users/ejunior/Desktop/allegro-5.2.4.0/CMakeFiles/CheckIncludeFiles/ALLEGRO_HAVE_SYS_INOTIFY_H.c:2:10: fatal error: 'sys/inotify.h' file not found
#include <sys/inotify.h>
         ^~~~~~~~~~~~~~~
1 error generated.
make[1]: *** [CMakeFiles/cmTC_a4356.dir/ALLEGRO_HAVE_SYS_INOTIFY_H.c.o] Error 1
make: *** [cmTC_a4356/fast] Error 2

Source:
/* */
#include <sys/inotify.h>


int main(void){return 0;}

Determining if files sal.h exist failed with the following output:
Change Dir: /Users/ejunior/Desktop/allegro-5.2.4.0/CMakeFiles/CMakeTmp

Run Build Command:"/usr/bin/make" "cmTC_0fc6d/fast"
/Library/Developer/CommandLineTools/usr/bin/make -f CMakeFiles/cmTC_0fc6d.dir/build.make CMakeFiles/cmTC_0fc6d.dir/build
Building C object CMakeFiles/cmTC_0fc6d.dir/ALLEGRO_HAVE_SAL_H.c.o
/Library/Developer/CommandLineTools/usr/bin/cc   -fno-common -msse -W -Wall -Wpointer-arith -Wmissing-declarations -Wstrict-prototypes    -o CMakeFiles/cmTC_0fc6d.dir/ALLEGRO_HAVE_SAL_H.c.o   -c /Users/ejunior/Desktop/allegro-5.2.4.0/CMakeFiles/CheckIncludeFiles/ALLEGRO_HAVE_SAL_H.c
/Users/ejunior/Desktop/allegro-5.2.4.0/CMakeFiles/CheckIncludeFiles/ALLEGRO_HAVE_SAL_H.c:2:10: fatal error: 'sal.h' file not found
#include <sal.h>
         ^~~~~~~
1 error generated.
make[1]: *** [CMakeFiles/cmTC_0fc6d.dir/ALLEGRO_HAVE_SAL_H.c.o] Error 1
make: *** [cmTC_0fc6d/fast] Error 2

Source:
/* */
#include <sal.h>


int main(void){return 0;}

Determining if the function getexecname exists failed with the following output:
Change Dir: /Users/ejunior/Desktop/allegro-5.2.4.0/CMakeFiles/CMakeTmp

Run Build Command:"/usr/bin/make" "cmTC_f519d/fast"
/Library/Developer/CommandLineTools/usr/bin/make -f CMakeFiles/cmTC_f519d.dir/build.make CMakeFiles/cmTC_f519d.dir/build
Building C object CMakeFiles/cmTC_f519d.dir/CheckFunctionExists.c.o
/Library/Developer/CommandLineTools/usr/bin/cc   -fno-common -msse -W -Wall -Wpointer-arith -Wmissing-declarations -Wstrict-prototypes -DCHECK_FUNCTION_EXISTS=getexecname   -o CMakeFiles/cmTC_f519d.dir/CheckFunctionExists.c.o   -c /opt/local/share/cmake-3.12/Modules/CheckFunctionExists.c
Linking C executable cmTC_f519d
/opt/local/bin/cmake -E cmake_link_script CMakeFiles/cmTC_f519d.dir/link.txt --verbose=1
/Library/Developer/CommandLineTools/usr/bin/cc  -fno-common -msse -W -Wall -Wpointer-arith -Wmissing-declarations -Wstrict-prototypes -DCHECK_FUNCTION_EXISTS=getexecname -Wl,-search_paths_first -Wl,-headerpad_max_install_names   CMakeFiles/cmTC_f519d.dir/CheckFunctionExists.c.o  -o cmTC_f519d 
Undefined symbols for architecture x86_64:
  "_getexecname", referenced from:
      _main in CheckFunctionExists.c.o
ld: symbol(s) not found for architecture x86_64
clang: error: linker command failed with exit code 1 (use -v to see invocation)
make[1]: *** [cmTC_f519d] Error 1
make: *** [cmTC_f519d/fast] Error 2


Determining if the function strerror_s exists failed with the following output:
Change Dir: /Users/ejunior/Desktop/allegro-5.2.4.0/CMakeFiles/CMakeTmp

Run Build Command:"/usr/bin/make" "cmTC_8df5c/fast"
/Library/Developer/CommandLineTools/usr/bin/make -f CMakeFiles/cmTC_8df5c.dir/build.make CMakeFiles/cmTC_8df5c.dir/build
Building C object CMakeFiles/cmTC_8df5c.dir/CheckFunctionExists.c.o
/Library/Developer/CommandLineTools/usr/bin/cc   -fno-common -msse -W -Wall -Wpointer-arith -Wmissing-declarations -Wstrict-prototypes -DCHECK_FUNCTION_EXISTS=strerror_s   -o CMakeFiles/cmTC_8df5c.dir/CheckFunctionExists.c.o   -c /opt/local/share/cmake-3.12/Modules/CheckFunctionExists.c
Linking C executable cmTC_8df5c
/opt/local/bin/cmake -E cmake_link_script CMakeFiles/cmTC_8df5c.dir/link.txt --verbose=1
/Library/Developer/CommandLineTools/usr/bin/cc  -fno-common -msse -W -Wall -Wpointer-arith -Wmissing-declarations -Wstrict-prototypes -DCHECK_FUNCTION_EXISTS=strerror_s -Wl,-search_paths_first -Wl,-headerpad_max_install_names   CMakeFiles/cmTC_8df5c.dir/CheckFunctionExists.c.o  -o cmTC_8df5c 
Undefined symbols for architecture x86_64:
  "_strerror_s", referenced from:
      _main in CheckFunctionExists.c.o
ld: symbol(s) not found for architecture x86_64
clang: error: linker command failed with exit code 1 (use -v to see invocation)
make[1]: *** [cmTC_8df5c] Error 1
make: *** [cmTC_8df5c/fast] Error 2


Performing C SOURCE FILE Test ALLEGRO_HAVE_PROCFS_ARGCV failed with the following output:
Change Dir: /Users/ejunior/Desktop/allegro-5.2.4.0/CMakeFiles/CMakeTmp

Run Build Command:"/usr/bin/make" "cmTC_d94ef/fast"
/Library/Developer/CommandLineTools/usr/bin/make -f CMakeFiles/cmTC_d94ef.dir/build.make CMakeFiles/cmTC_d94ef.dir/build
Building C object CMakeFiles/cmTC_d94ef.dir/src.c.o
/Library/Developer/CommandLineTools/usr/bin/cc   -fno-common -msse -W -Wall -Wpointer-arith -Wmissing-declarations -Wstrict-prototypes -DALLEGRO_HAVE_PROCFS_ARGCV   -o CMakeFiles/cmTC_d94ef.dir/src.c.o   -c /Users/ejunior/Desktop/allegro-5.2.4.0/CMakeFiles/CMakeTmp/src.c
/Users/ejunior/Desktop/allegro-5.2.4.0/CMakeFiles/CMakeTmp/src.c:2:14: fatal error: 'sys/procfs.h' file not found
    #include <sys/procfs.h>
             ^~~~~~~~~~~~~~
1 error generated.
make[1]: *** [CMakeFiles/cmTC_d94ef.dir/src.c.o] Error 1
make: *** [cmTC_d94ef/fast] Error 2

Source file was:

    #include <sys/procfs.h>
    int main(void) {
        struct prpsinfo psinfo;
        psinfo.pr_argc = 0;
        return 0;
    }
Performing C SOURCE FILE Test ALLEGRO_HAVE_SV_PROCFS_H failed with the following output:
Change Dir: /Users/ejunior/Desktop/allegro-5.2.4.0/CMakeFiles/CMakeTmp

Run Build Command:"/usr/bin/make" "cmTC_f3f2b/fast"
/Library/Developer/CommandLineTools/usr/bin/make -f CMakeFiles/cmTC_f3f2b.dir/build.make CMakeFiles/cmTC_f3f2b.dir/build
Building C object CMakeFiles/cmTC_f3f2b.dir/src.c.o
/Library/Developer/CommandLineTools/usr/bin/cc   -fno-common -msse -W -Wall -Wpointer-arith -Wmissing-declarations -Wstrict-prototypes -DALLEGRO_HAVE_SV_PROCFS_H   -o CMakeFiles/cmTC_f3f2b.dir/src.c.o   -c /Users/ejunior/Desktop/allegro-5.2.4.0/CMakeFiles/CMakeTmp/src.c
/Users/ejunior/Desktop/allegro-5.2.4.0/CMakeFiles/CMakeTmp/src.c:2:14: fatal error: 'sys/procfs.h' file not found
    #include <sys/procfs.h>
             ^~~~~~~~~~~~~~
1 error generated.
make[1]: *** [CMakeFiles/cmTC_f3f2b.dir/src.c.o] Error 1
make: *** [cmTC_f3f2b/fast] Error 2

Source file was:

    #include <sys/procfs.h>
    #include <sys/ioctl.h>
    int main(void) {
        struct prpsinfo psinfo;
        ioctl(0, PIOCPSINFO, &psinfo);
        return 0;
    }
