The system is: Darwin - 17.7.0 - x86_64
Compiling the C compiler identification source file "CMakeCCompilerId.c" succeeded.
Compiler: /Library/Developer/CommandLineTools/usr/bin/cc 
Build flags: 
Id flags:  

The output was:
0


Compilation of the C compiler identification source "CMakeCCompilerId.c" produced "a.out"

The C compiler identification is AppleClang, found in "/Users/ejunior/Desktop/allegro-5.2.4.0/CMakeFiles/3.12.3/CompilerIdC/a.out"

Compiling the CXX compiler identification source file "CMakeCXXCompilerId.cpp" succeeded.
Compiler: /Library/Developer/CommandLineTools/usr/bin/c++ 
Build flags: 
Id flags:  

The output was:
0


Compilation of the CXX compiler identification source "CMakeCXXCompilerId.cpp" produced "a.out"

The CXX compiler identification is AppleClang, found in "/Users/ejunior/Desktop/allegro-5.2.4.0/CMakeFiles/3.12.3/CompilerIdCXX/a.out"

Determining if the C compiler works passed with the following output:
Change Dir: /Users/ejunior/Desktop/allegro-5.2.4.0/CMakeFiles/CMakeTmp

Run Build Command:"/usr/bin/make" "cmTC_13d0e/fast"
/Library/Developer/CommandLineTools/usr/bin/make -f CMakeFiles/cmTC_13d0e.dir/build.make CMakeFiles/cmTC_13d0e.dir/build
Building C object CMakeFiles/cmTC_13d0e.dir/testCCompiler.c.o
/Library/Developer/CommandLineTools/usr/bin/cc    -o CMakeFiles/cmTC_13d0e.dir/testCCompiler.c.o   -c /Users/ejunior/Desktop/allegro-5.2.4.0/CMakeFiles/CMakeTmp/testCCompiler.c
Linking C executable cmTC_13d0e
/opt/local/bin/cmake -E cmake_link_script CMakeFiles/cmTC_13d0e.dir/link.txt --verbose=1
/Library/Developer/CommandLineTools/usr/bin/cc   -Wl,-search_paths_first -Wl,-headerpad_max_install_names   CMakeFiles/cmTC_13d0e.dir/testCCompiler.c.o  -o cmTC_13d0e 


Detecting C compiler ABI info compiled with the following output:
Change Dir: /Users/ejunior/Desktop/allegro-5.2.4.0/CMakeFiles/CMakeTmp

Run Build Command:"/usr/bin/make" "cmTC_7cf04/fast"
/Library/Developer/CommandLineTools/usr/bin/make -f CMakeFiles/cmTC_7cf04.dir/build.make CMakeFiles/cmTC_7cf04.dir/build
Building C object CMakeFiles/cmTC_7cf04.dir/CMakeCCompilerABI.c.o
/Library/Developer/CommandLineTools/usr/bin/cc    -o CMakeFiles/cmTC_7cf04.dir/CMakeCCompilerABI.c.o   -c /opt/local/share/cmake-3.12/Modules/CMakeCCompilerABI.c
Linking C executable cmTC_7cf04
/opt/local/bin/cmake -E cmake_link_script CMakeFiles/cmTC_7cf04.dir/link.txt --verbose=1
/Library/Developer/CommandLineTools/usr/bin/cc   -Wl,-search_paths_first -Wl,-headerpad_max_install_names  -v -Wl,-v CMakeFiles/cmTC_7cf04.dir/CMakeCCompilerABI.c.o  -o cmTC_7cf04 
Apple LLVM version 10.0.0 (clang-1000.10.44.2)
Target: x86_64-apple-darwin17.7.0
Thread model: posix
InstalledDir: /Library/Developer/CommandLineTools/usr/bin
 "/Library/Developer/CommandLineTools/usr/bin/ld" -demangle -lto_library /Library/Developer/CommandLineTools/usr/lib/libLTO.dylib -dynamic -arch x86_64 -macosx_version_min 10.13.0 -o cmTC_7cf04 -search_paths_first -headerpad_max_install_names -v CMakeFiles/cmTC_7cf04.dir/CMakeCCompilerABI.c.o -lSystem /Library/Developer/CommandLineTools/usr/lib/clang/10.0.0/lib/darwin/libclang_rt.osx.a
@(#)PROGRAM:ld  PROJECT:ld64-409.12
BUILD 02:04:28 Aug 14 2018
configured to support archs: armv6 armv7 armv7s arm64 i386 x86_64 x86_64h armv6m armv7k armv7m armv7em
Library search paths:
	/usr/lib
	/usr/local/lib
Framework search paths:
	/Library/Frameworks/
	/System/Library/Frameworks/


Parsed C implicit link information from above output:
  link line regex: [^( *|.*[/\])(ld|CMAKE_LINK_STARTFILE-NOTFOUND|([^/\]+-)?ld|collect2)[^/\]*( |$)]
  ignore line: [Change Dir: /Users/ejunior/Desktop/allegro-5.2.4.0/CMakeFiles/CMakeTmp]
  ignore line: []
  ignore line: [Run Build Command:"/usr/bin/make" "cmTC_7cf04/fast"]
  ignore line: [/Library/Developer/CommandLineTools/usr/bin/make -f CMakeFiles/cmTC_7cf04.dir/build.make CMakeFiles/cmTC_7cf04.dir/build]
  ignore line: [Building C object CMakeFiles/cmTC_7cf04.dir/CMakeCCompilerABI.c.o]
  ignore line: [/Library/Developer/CommandLineTools/usr/bin/cc    -o CMakeFiles/cmTC_7cf04.dir/CMakeCCompilerABI.c.o   -c /opt/local/share/cmake-3.12/Modules/CMakeCCompilerABI.c]
  ignore line: [Linking C executable cmTC_7cf04]
  ignore line: [/opt/local/bin/cmake -E cmake_link_script CMakeFiles/cmTC_7cf04.dir/link.txt --verbose=1]
  ignore line: [/Library/Developer/CommandLineTools/usr/bin/cc   -Wl,-search_paths_first -Wl,-headerpad_max_install_names  -v -Wl,-v CMakeFiles/cmTC_7cf04.dir/CMakeCCompilerABI.c.o  -o cmTC_7cf04 ]
  ignore line: [Apple LLVM version 10.0.0 (clang-1000.10.44.2)]
  ignore line: [Target: x86_64-apple-darwin17.7.0]
  ignore line: [Thread model: posix]
  ignore line: [InstalledDir: /Library/Developer/CommandLineTools/usr/bin]
  link line: [ "/Library/Developer/CommandLineTools/usr/bin/ld" -demangle -lto_library /Library/Developer/CommandLineTools/usr/lib/libLTO.dylib -dynamic -arch x86_64 -macosx_version_min 10.13.0 -o cmTC_7cf04 -search_paths_first -headerpad_max_install_names -v CMakeFiles/cmTC_7cf04.dir/CMakeCCompilerABI.c.o -lSystem /Library/Developer/CommandLineTools/usr/lib/clang/10.0.0/lib/darwin/libclang_rt.osx.a]
    arg [/Library/Developer/CommandLineTools/usr/bin/ld] ==> ignore
    arg [-demangle] ==> ignore
    arg [-lto_library] ==> ignore, skip following value
    arg [/Library/Developer/CommandLineTools/usr/lib/libLTO.dylib] ==> skip value of -lto_library
    arg [-dynamic] ==> ignore
    arg [-arch] ==> ignore
    arg [x86_64] ==> ignore
    arg [-macosx_version_min] ==> ignore
    arg [10.13.0] ==> ignore
    arg [-o] ==> ignore
    arg [cmTC_7cf04] ==> ignore
    arg [-search_paths_first] ==> ignore
    arg [-headerpad_max_install_names] ==> ignore
    arg [-v] ==> ignore
    arg [CMakeFiles/cmTC_7cf04.dir/CMakeCCompilerABI.c.o] ==> ignore
    arg [-lSystem] ==> lib [System]
    arg [/Library/Developer/CommandLineTools/usr/lib/clang/10.0.0/lib/darwin/libclang_rt.osx.a] ==> lib [/Library/Developer/CommandLineTools/usr/lib/clang/10.0.0/lib/darwin/libclang_rt.osx.a]
  Library search paths: [;/usr/lib;/usr/local/lib]
  Framework search paths: [;/Library/Frameworks/;/System/Library/Frameworks/]
  remove lib [System]
  remove lib [/Library/Developer/CommandLineTools/usr/lib/clang/10.0.0/lib/darwin/libclang_rt.osx.a]
  collapse library dir [/usr/lib] ==> [/usr/lib]
  collapse library dir [/usr/local/lib] ==> [/usr/local/lib]
  collapse framework dir [/Library/Frameworks/] ==> [/Library/Frameworks]
  collapse framework dir [/System/Library/Frameworks/] ==> [/System/Library/Frameworks]
  implicit libs: []
  implicit dirs: [/usr/lib;/usr/local/lib]
  implicit fwks: [/Library/Frameworks;/System/Library/Frameworks]




Detecting C [-std=c11] compiler features compiled with the following output:
Change Dir: /Users/ejunior/Desktop/allegro-5.2.4.0/CMakeFiles/CMakeTmp

Run Build Command:"/usr/bin/make" "cmTC_9fb47/fast"
/Library/Developer/CommandLineTools/usr/bin/make -f CMakeFiles/cmTC_9fb47.dir/build.make CMakeFiles/cmTC_9fb47.dir/build
Building C object CMakeFiles/cmTC_9fb47.dir/feature_tests.c.o
/Library/Developer/CommandLineTools/usr/bin/cc   -std=c11 -o CMakeFiles/cmTC_9fb47.dir/feature_tests.c.o   -c /Users/ejunior/Desktop/allegro-5.2.4.0/CMakeFiles/feature_tests.c
Linking C executable cmTC_9fb47
/opt/local/bin/cmake -E cmake_link_script CMakeFiles/cmTC_9fb47.dir/link.txt --verbose=1
/Library/Developer/CommandLineTools/usr/bin/cc   -Wl,-search_paths_first -Wl,-headerpad_max_install_names   CMakeFiles/cmTC_9fb47.dir/feature_tests.c.o  -o cmTC_9fb47 


    Feature record: C_FEATURE:1c_function_prototypes
    Feature record: C_FEATURE:1c_restrict
    Feature record: C_FEATURE:1c_static_assert
    Feature record: C_FEATURE:1c_variadic_macros


Detecting C [-std=c99] compiler features compiled with the following output:
Change Dir: /Users/ejunior/Desktop/allegro-5.2.4.0/CMakeFiles/CMakeTmp

Run Build Command:"/usr/bin/make" "cmTC_f96e7/fast"
/Library/Developer/CommandLineTools/usr/bin/make -f CMakeFiles/cmTC_f96e7.dir/build.make CMakeFiles/cmTC_f96e7.dir/build
Building C object CMakeFiles/cmTC_f96e7.dir/feature_tests.c.o
/Library/Developer/CommandLineTools/usr/bin/cc   -std=c99 -o CMakeFiles/cmTC_f96e7.dir/feature_tests.c.o   -c /Users/ejunior/Desktop/allegro-5.2.4.0/CMakeFiles/feature_tests.c
Linking C executable cmTC_f96e7
/opt/local/bin/cmake -E cmake_link_script CMakeFiles/cmTC_f96e7.dir/link.txt --verbose=1
/Library/Developer/CommandLineTools/usr/bin/cc   -Wl,-search_paths_first -Wl,-headerpad_max_install_names   CMakeFiles/cmTC_f96e7.dir/feature_tests.c.o  -o cmTC_f96e7 


    Feature record: C_FEATURE:1c_function_prototypes
    Feature record: C_FEATURE:1c_restrict
    Feature record: C_FEATURE:0c_static_assert
    Feature record: C_FEATURE:1c_variadic_macros


Detecting C [-std=c90] compiler features compiled with the following output:
Change Dir: /Users/ejunior/Desktop/allegro-5.2.4.0/CMakeFiles/CMakeTmp

Run Build Command:"/usr/bin/make" "cmTC_de378/fast"
/Library/Developer/CommandLineTools/usr/bin/make -f CMakeFiles/cmTC_de378.dir/build.make CMakeFiles/cmTC_de378.dir/build
Building C object CMakeFiles/cmTC_de378.dir/feature_tests.c.o
/Library/Developer/CommandLineTools/usr/bin/cc   -std=c90 -o CMakeFiles/cmTC_de378.dir/feature_tests.c.o   -c /Users/ejunior/Desktop/allegro-5.2.4.0/CMakeFiles/feature_tests.c
Linking C executable cmTC_de378
/opt/local/bin/cmake -E cmake_link_script CMakeFiles/cmTC_de378.dir/link.txt --verbose=1
/Library/Developer/CommandLineTools/usr/bin/cc   -Wl,-search_paths_first -Wl,-headerpad_max_install_names   CMakeFiles/cmTC_de378.dir/feature_tests.c.o  -o cmTC_de378 


    Feature record: C_FEATURE:1c_function_prototypes
    Feature record: C_FEATURE:0c_restrict
    Feature record: C_FEATURE:0c_static_assert
    Feature record: C_FEATURE:0c_variadic_macros
Determining if the CXX compiler works passed with the following output:
Change Dir: /Users/ejunior/Desktop/allegro-5.2.4.0/CMakeFiles/CMakeTmp

Run Build Command:"/usr/bin/make" "cmTC_2f24c/fast"
/Library/Developer/CommandLineTools/usr/bin/make -f CMakeFiles/cmTC_2f24c.dir/build.make CMakeFiles/cmTC_2f24c.dir/build
Building CXX object CMakeFiles/cmTC_2f24c.dir/testCXXCompiler.cxx.o
/Library/Developer/CommandLineTools/usr/bin/c++     -o CMakeFiles/cmTC_2f24c.dir/testCXXCompiler.cxx.o -c /Users/ejunior/Desktop/allegro-5.2.4.0/CMakeFiles/CMakeTmp/testCXXCompiler.cxx
Linking CXX executable cmTC_2f24c
/opt/local/bin/cmake -E cmake_link_script CMakeFiles/cmTC_2f24c.dir/link.txt --verbose=1
/Library/Developer/CommandLineTools/usr/bin/c++    -Wl,-search_paths_first -Wl,-headerpad_max_install_names   CMakeFiles/cmTC_2f24c.dir/testCXXCompiler.cxx.o  -o cmTC_2f24c 


Detecting CXX compiler ABI info compiled with the following output:
Change Dir: /Users/ejunior/Desktop/allegro-5.2.4.0/CMakeFiles/CMakeTmp

Run Build Command:"/usr/bin/make" "cmTC_75ee0/fast"
/Library/Developer/CommandLineTools/usr/bin/make -f CMakeFiles/cmTC_75ee0.dir/build.make CMakeFiles/cmTC_75ee0.dir/build
Building CXX object CMakeFiles/cmTC_75ee0.dir/CMakeCXXCompilerABI.cpp.o
/Library/Developer/CommandLineTools/usr/bin/c++     -o CMakeFiles/cmTC_75ee0.dir/CMakeCXXCompilerABI.cpp.o -c /opt/local/share/cmake-3.12/Modules/CMakeCXXCompilerABI.cpp
Linking CXX executable cmTC_75ee0
/opt/local/bin/cmake -E cmake_link_script CMakeFiles/cmTC_75ee0.dir/link.txt --verbose=1
/Library/Developer/CommandLineTools/usr/bin/c++    -Wl,-search_paths_first -Wl,-headerpad_max_install_names  -v -Wl,-v CMakeFiles/cmTC_75ee0.dir/CMakeCXXCompilerABI.cpp.o  -o cmTC_75ee0 
Apple LLVM version 10.0.0 (clang-1000.10.44.2)
Target: x86_64-apple-darwin17.7.0
Thread model: posix
InstalledDir: /Library/Developer/CommandLineTools/usr/bin
 "/Library/Developer/CommandLineTools/usr/bin/ld" -demangle -lto_library /Library/Developer/CommandLineTools/usr/lib/libLTO.dylib -dynamic -arch x86_64 -macosx_version_min 10.13.0 -o cmTC_75ee0 -search_paths_first -headerpad_max_install_names -v CMakeFiles/cmTC_75ee0.dir/CMakeCXXCompilerABI.cpp.o -lc++ -lSystem /Library/Developer/CommandLineTools/usr/lib/clang/10.0.0/lib/darwin/libclang_rt.osx.a
@(#)PROGRAM:ld  PROJECT:ld64-409.12
BUILD 02:04:28 Aug 14 2018
configured to support archs: armv6 armv7 armv7s arm64 i386 x86_64 x86_64h armv6m armv7k armv7m armv7em
Library search paths:
	/usr/lib
	/usr/local/lib
Framework search paths:
	/Library/Frameworks/
	/System/Library/Frameworks/


Parsed CXX implicit link information from above output:
  link line regex: [^( *|.*[/\])(ld|CMAKE_LINK_STARTFILE-NOTFOUND|([^/\]+-)?ld|collect2)[^/\]*( |$)]
  ignore line: [Change Dir: /Users/ejunior/Desktop/allegro-5.2.4.0/CMakeFiles/CMakeTmp]
  ignore line: []
  ignore line: [Run Build Command:"/usr/bin/make" "cmTC_75ee0/fast"]
  ignore line: [/Library/Developer/CommandLineTools/usr/bin/make -f CMakeFiles/cmTC_75ee0.dir/build.make CMakeFiles/cmTC_75ee0.dir/build]
  ignore line: [Building CXX object CMakeFiles/cmTC_75ee0.dir/CMakeCXXCompilerABI.cpp.o]
  ignore line: [/Library/Developer/CommandLineTools/usr/bin/c++     -o CMakeFiles/cmTC_75ee0.dir/CMakeCXXCompilerABI.cpp.o -c /opt/local/share/cmake-3.12/Modules/CMakeCXXCompilerABI.cpp]
  ignore line: [Linking CXX executable cmTC_75ee0]
  ignore line: [/opt/local/bin/cmake -E cmake_link_script CMakeFiles/cmTC_75ee0.dir/link.txt --verbose=1]
  ignore line: [/Library/Developer/CommandLineTools/usr/bin/c++    -Wl,-search_paths_first -Wl,-headerpad_max_install_names  -v -Wl,-v CMakeFiles/cmTC_75ee0.dir/CMakeCXXCompilerABI.cpp.o  -o cmTC_75ee0 ]
  ignore line: [Apple LLVM version 10.0.0 (clang-1000.10.44.2)]
  ignore line: [Target: x86_64-apple-darwin17.7.0]
  ignore line: [Thread model: posix]
  ignore line: [InstalledDir: /Library/Developer/CommandLineTools/usr/bin]
  link line: [ "/Library/Developer/CommandLineTools/usr/bin/ld" -demangle -lto_library /Library/Developer/CommandLineTools/usr/lib/libLTO.dylib -dynamic -arch x86_64 -macosx_version_min 10.13.0 -o cmTC_75ee0 -search_paths_first -headerpad_max_install_names -v CMakeFiles/cmTC_75ee0.dir/CMakeCXXCompilerABI.cpp.o -lc++ -lSystem /Library/Developer/CommandLineTools/usr/lib/clang/10.0.0/lib/darwin/libclang_rt.osx.a]
    arg [/Library/Developer/CommandLineTools/usr/bin/ld] ==> ignore
    arg [-demangle] ==> ignore
    arg [-lto_library] ==> ignore, skip following value
    arg [/Library/Developer/CommandLineTools/usr/lib/libLTO.dylib] ==> skip value of -lto_library
    arg [-dynamic] ==> ignore
    arg [-arch] ==> ignore
    arg [x86_64] ==> ignore
    arg [-macosx_version_min] ==> ignore
    arg [10.13.0] ==> ignore
    arg [-o] ==> ignore
    arg [cmTC_75ee0] ==> ignore
    arg [-search_paths_first] ==> ignore
    arg [-headerpad_max_install_names] ==> ignore
    arg [-v] ==> ignore
    arg [CMakeFiles/cmTC_75ee0.dir/CMakeCXXCompilerABI.cpp.o] ==> ignore
    arg [-lc++] ==> lib [c++]
    arg [-lSystem] ==> lib [System]
    arg [/Library/Developer/CommandLineTools/usr/lib/clang/10.0.0/lib/darwin/libclang_rt.osx.a] ==> lib [/Library/Developer/CommandLineTools/usr/lib/clang/10.0.0/lib/darwin/libclang_rt.osx.a]
  Library search paths: [;/usr/lib;/usr/local/lib]
  Framework search paths: [;/Library/Frameworks/;/System/Library/Frameworks/]
  remove lib [System]
  remove lib [/Library/Developer/CommandLineTools/usr/lib/clang/10.0.0/lib/darwin/libclang_rt.osx.a]
  collapse library dir [/usr/lib] ==> [/usr/lib]
  collapse library dir [/usr/local/lib] ==> [/usr/local/lib]
  collapse framework dir [/Library/Frameworks/] ==> [/Library/Frameworks]
  collapse framework dir [/System/Library/Frameworks/] ==> [/System/Library/Frameworks]
  implicit libs: [c++]
  implicit dirs: [/usr/lib;/usr/local/lib]
  implicit fwks: [/Library/Frameworks;/System/Library/Frameworks]




Detecting CXX [-std=c++1z] compiler features compiled with the following output:
Change Dir: /Users/ejunior/Desktop/allegro-5.2.4.0/CMakeFiles/CMakeTmp

Run Build Command:"/usr/bin/make" "cmTC_a296d/fast"
/Library/Developer/CommandLineTools/usr/bin/make -f CMakeFiles/cmTC_a296d.dir/build.make CMakeFiles/cmTC_a296d.dir/build
Building CXX object CMakeFiles/cmTC_a296d.dir/feature_tests.cxx.o
/Library/Developer/CommandLineTools/usr/bin/c++    -std=c++1z -o CMakeFiles/cmTC_a296d.dir/feature_tests.cxx.o -c /Users/ejunior/Desktop/allegro-5.2.4.0/CMakeFiles/feature_tests.cxx
Linking CXX executable cmTC_a296d
/opt/local/bin/cmake -E cmake_link_script CMakeFiles/cmTC_a296d.dir/link.txt --verbose=1
/Library/Developer/CommandLineTools/usr/bin/c++    -Wl,-search_paths_first -Wl,-headerpad_max_install_names   CMakeFiles/cmTC_a296d.dir/feature_tests.cxx.o  -o cmTC_a296d 


    Feature record: CXX_FEATURE:1cxx_aggregate_default_initializers
    Feature record: CXX_FEATURE:1cxx_alias_templates
    Feature record: CXX_FEATURE:1cxx_alignas
    Feature record: CXX_FEATURE:1cxx_alignof
    Feature record: CXX_FEATURE:1cxx_attributes
    Feature record: CXX_FEATURE:1cxx_attribute_deprecated
    Feature record: CXX_FEATURE:1cxx_auto_type
    Feature record: CXX_FEATURE:1cxx_binary_literals
    Feature record: CXX_FEATURE:1cxx_constexpr
    Feature record: CXX_FEATURE:1cxx_contextual_conversions
    Feature record: CXX_FEATURE:1cxx_decltype
    Feature record: CXX_FEATURE:1cxx_decltype_auto
    Feature record: CXX_FEATURE:1cxx_decltype_incomplete_return_types
    Feature record: CXX_FEATURE:1cxx_default_function_template_args
    Feature record: CXX_FEATURE:1cxx_defaulted_functions
    Feature record: CXX_FEATURE:1cxx_defaulted_move_initializers
    Feature record: CXX_FEATURE:1cxx_delegating_constructors
    Feature record: CXX_FEATURE:1cxx_deleted_functions
    Feature record: CXX_FEATURE:1cxx_digit_separators
    Feature record: CXX_FEATURE:1cxx_enum_forward_declarations
    Feature record: CXX_FEATURE:1cxx_explicit_conversions
    Feature record: CXX_FEATURE:1cxx_extended_friend_declarations
    Feature record: CXX_FEATURE:1cxx_extern_templates
    Feature record: CXX_FEATURE:1cxx_final
    Feature record: CXX_FEATURE:1cxx_func_identifier
    Feature record: CXX_FEATURE:1cxx_generalized_initializers
    Feature record: CXX_FEATURE:1cxx_generic_lambdas
    Feature record: CXX_FEATURE:1cxx_inheriting_constructors
    Feature record: CXX_FEATURE:1cxx_inline_namespaces
    Feature record: CXX_FEATURE:1cxx_lambdas
    Feature record: CXX_FEATURE:1cxx_lambda_init_captures
    Feature record: CXX_FEATURE:1cxx_local_type_template_args
    Feature record: CXX_FEATURE:1cxx_long_long_type
    Feature record: CXX_FEATURE:1cxx_noexcept
    Feature record: CXX_FEATURE:1cxx_nonstatic_member_init
    Feature record: CXX_FEATURE:1cxx_nullptr
    Feature record: CXX_FEATURE:1cxx_override
    Feature record: CXX_FEATURE:1cxx_range_for
    Feature record: CXX_FEATURE:1cxx_raw_string_literals
    Feature record: CXX_FEATURE:1cxx_reference_qualified_functions
    Feature record: CXX_FEATURE:1cxx_relaxed_constexpr
    Feature record: CXX_FEATURE:1cxx_return_type_deduction
    Feature record: CXX_FEATURE:1cxx_right_angle_brackets
    Feature record: CXX_FEATURE:1cxx_rvalue_references
    Feature record: CXX_FEATURE:1cxx_sizeof_member
    Feature record: CXX_FEATURE:1cxx_static_assert
    Feature record: CXX_FEATURE:1cxx_strong_enums
    Feature record: CXX_FEATURE:1cxx_template_template_parameters
    Feature record: CXX_FEATURE:1cxx_thread_local
    Feature record: CXX_FEATURE:1cxx_trailing_return_types
    Feature record: CXX_FEATURE:1cxx_unicode_literals
    Feature record: CXX_FEATURE:1cxx_uniform_initialization
    Feature record: CXX_FEATURE:1cxx_unrestricted_unions
    Feature record: CXX_FEATURE:1cxx_user_literals
    Feature record: CXX_FEATURE:1cxx_variable_templates
    Feature record: CXX_FEATURE:1cxx_variadic_macros
    Feature record: CXX_FEATURE:1cxx_variadic_templates


Detecting CXX [-std=c++14] compiler features compiled with the following output:
Change Dir: /Users/ejunior/Desktop/allegro-5.2.4.0/CMakeFiles/CMakeTmp

Run Build Command:"/usr/bin/make" "cmTC_1378a/fast"
/Library/Developer/CommandLineTools/usr/bin/make -f CMakeFiles/cmTC_1378a.dir/build.make CMakeFiles/cmTC_1378a.dir/build
Building CXX object CMakeFiles/cmTC_1378a.dir/feature_tests.cxx.o
/Library/Developer/CommandLineTools/usr/bin/c++    -std=c++14 -o CMakeFiles/cmTC_1378a.dir/feature_tests.cxx.o -c /Users/ejunior/Desktop/allegro-5.2.4.0/CMakeFiles/feature_tests.cxx
Linking CXX executable cmTC_1378a
/opt/local/bin/cmake -E cmake_link_script CMakeFiles/cmTC_1378a.dir/link.txt --verbose=1
/Library/Developer/CommandLineTools/usr/bin/c++    -Wl,-search_paths_first -Wl,-headerpad_max_install_names   CMakeFiles/cmTC_1378a.dir/feature_tests.cxx.o  -o cmTC_1378a 


    Feature record: CXX_FEATURE:1cxx_aggregate_default_initializers
    Feature record: CXX_FEATURE:1cxx_alias_templates
    Feature record: CXX_FEATURE:1cxx_alignas
    Feature record: CXX_FEATURE:1cxx_alignof
    Feature record: CXX_FEATURE:1cxx_attributes
    Feature record: CXX_FEATURE:1cxx_attribute_deprecated
    Feature record: CXX_FEATURE:1cxx_auto_type
    Feature record: CXX_FEATURE:1cxx_binary_literals
    Feature record: CXX_FEATURE:1cxx_constexpr
    Feature record: CXX_FEATURE:1cxx_contextual_conversions
    Feature record: CXX_FEATURE:1cxx_decltype
    Feature record: CXX_FEATURE:1cxx_decltype_auto
    Feature record: CXX_FEATURE:1cxx_decltype_incomplete_return_types
    Feature record: CXX_FEATURE:1cxx_default_function_template_args
    Feature record: CXX_FEATURE:1cxx_defaulted_functions
    Feature record: CXX_FEATURE:1cxx_defaulted_move_initializers
    Feature record: CXX_FEATURE:1cxx_delegating_constructors
    Feature record: CXX_FEATURE:1cxx_deleted_functions
    Feature record: CXX_FEATURE:1cxx_digit_separators
    Feature record: CXX_FEATURE:1cxx_enum_forward_declarations
    Feature record: CXX_FEATURE:1cxx_explicit_conversions
    Feature record: CXX_FEATURE:1cxx_extended_friend_declarations
    Feature record: CXX_FEATURE:1cxx_extern_templates
    Feature record: CXX_FEATURE:1cxx_final
    Feature record: CXX_FEATURE:1cxx_func_identifier
    Feature record: CXX_FEATURE:1cxx_generalized_initializers
    Feature record: CXX_FEATURE:1cxx_generic_lambdas
    Feature record: CXX_FEATURE:1cxx_inheriting_constructors
    Feature record: CXX_FEATURE:1cxx_inline_namespaces
    Feature record: CXX_FEATURE:1cxx_lambdas
    Feature record: CXX_FEATURE:1cxx_lambda_init_captures
    Feature record: CXX_FEATURE:1cxx_local_type_template_args
    Feature record: CXX_FEATURE:1cxx_long_long_type
    Feature record: CXX_FEATURE:1cxx_noexcept
    Feature record: CXX_FEATURE:1cxx_nonstatic_member_init
    Feature record: CXX_FEATURE:1cxx_nullptr
    Feature record: CXX_FEATURE:1cxx_override
    Feature record: CXX_FEATURE:1cxx_range_for
    Feature record: CXX_FEATURE:1cxx_raw_string_literals
    Feature record: CXX_FEATURE:1cxx_reference_qualified_functions
    Feature record: CXX_FEATURE:1cxx_relaxed_constexpr
    Feature record: CXX_FEATURE:1cxx_return_type_deduction
    Feature record: CXX_FEATURE:1cxx_right_angle_brackets
    Feature record: CXX_FEATURE:1cxx_rvalue_references
    Feature record: CXX_FEATURE:1cxx_sizeof_member
    Feature record: CXX_FEATURE:1cxx_static_assert
    Feature record: CXX_FEATURE:1cxx_strong_enums
    Feature record: CXX_FEATURE:1cxx_template_template_parameters
    Feature record: CXX_FEATURE:1cxx_thread_local
    Feature record: CXX_FEATURE:1cxx_trailing_return_types
    Feature record: CXX_FEATURE:1cxx_unicode_literals
    Feature record: CXX_FEATURE:1cxx_uniform_initialization
    Feature record: CXX_FEATURE:1cxx_unrestricted_unions
    Feature record: CXX_FEATURE:1cxx_user_literals
    Feature record: CXX_FEATURE:1cxx_variable_templates
    Feature record: CXX_FEATURE:1cxx_variadic_macros
    Feature record: CXX_FEATURE:1cxx_variadic_templates


Detecting CXX [-std=c++11] compiler features compiled with the following output:
Change Dir: /Users/ejunior/Desktop/allegro-5.2.4.0/CMakeFiles/CMakeTmp

Run Build Command:"/usr/bin/make" "cmTC_60dcb/fast"
/Library/Developer/CommandLineTools/usr/bin/make -f CMakeFiles/cmTC_60dcb.dir/build.make CMakeFiles/cmTC_60dcb.dir/build
Building CXX object CMakeFiles/cmTC_60dcb.dir/feature_tests.cxx.o
/Library/Developer/CommandLineTools/usr/bin/c++    -std=c++11 -o CMakeFiles/cmTC_60dcb.dir/feature_tests.cxx.o -c /Users/ejunior/Desktop/allegro-5.2.4.0/CMakeFiles/feature_tests.cxx
Linking CXX executable cmTC_60dcb
/opt/local/bin/cmake -E cmake_link_script CMakeFiles/cmTC_60dcb.dir/link.txt --verbose=1
/Library/Developer/CommandLineTools/usr/bin/c++    -Wl,-search_paths_first -Wl,-headerpad_max_install_names   CMakeFiles/cmTC_60dcb.dir/feature_tests.cxx.o  -o cmTC_60dcb 


    Feature record: CXX_FEATURE:0cxx_aggregate_default_initializers
    Feature record: CXX_FEATURE:1cxx_alias_templates
    Feature record: CXX_FEATURE:1cxx_alignas
    Feature record: CXX_FEATURE:1cxx_alignof
    Feature record: CXX_FEATURE:1cxx_attributes
    Feature record: CXX_FEATURE:0cxx_attribute_deprecated
    Feature record: CXX_FEATURE:1cxx_auto_type
    Feature record: CXX_FEATURE:0cxx_binary_literals
    Feature record: CXX_FEATURE:1cxx_constexpr
    Feature record: CXX_FEATURE:0cxx_contextual_conversions
    Feature record: CXX_FEATURE:1cxx_decltype
    Feature record: CXX_FEATURE:0cxx_decltype_auto
    Feature record: CXX_FEATURE:1cxx_decltype_incomplete_return_types
    Feature record: CXX_FEATURE:1cxx_default_function_template_args
    Feature record: CXX_FEATURE:1cxx_defaulted_functions
    Feature record: CXX_FEATURE:1cxx_defaulted_move_initializers
    Feature record: CXX_FEATURE:1cxx_delegating_constructors
    Feature record: CXX_FEATURE:1cxx_deleted_functions
    Feature record: CXX_FEATURE:0cxx_digit_separators
    Feature record: CXX_FEATURE:1cxx_enum_forward_declarations
    Feature record: CXX_FEATURE:1cxx_explicit_conversions
    Feature record: CXX_FEATURE:1cxx_extended_friend_declarations
    Feature record: CXX_FEATURE:1cxx_extern_templates
    Feature record: CXX_FEATURE:1cxx_final
    Feature record: CXX_FEATURE:1cxx_func_identifier
    Feature record: CXX_FEATURE:1cxx_generalized_initializers
    Feature record: CXX_FEATURE:0cxx_generic_lambdas
    Feature record: CXX_FEATURE:1cxx_inheriting_constructors
    Feature record: CXX_FEATURE:1cxx_inline_namespaces
    Feature record: CXX_FEATURE:1cxx_lambdas
    Feature record: CXX_FEATURE:0cxx_lambda_init_captures
    Feature record: CXX_FEATURE:1cxx_local_type_template_args
    Feature record: CXX_FEATURE:1cxx_long_long_type
    Feature record: CXX_FEATURE:1cxx_noexcept
    Feature record: CXX_FEATURE:1cxx_nonstatic_member_init
    Feature record: CXX_FEATURE:1cxx_nullptr
    Feature record: CXX_FEATURE:1cxx_override
    Feature record: CXX_FEATURE:1cxx_range_for
    Feature record: CXX_FEATURE:1cxx_raw_string_literals
    Feature record: CXX_FEATURE:1cxx_reference_qualified_functions
    Feature record: CXX_FEATURE:0cxx_relaxed_constexpr
    Feature record: CXX_FEATURE:0cxx_return_type_deduction
    Feature record: CXX_FEATURE:1cxx_right_angle_brackets
    Feature record: CXX_FEATURE:1cxx_rvalue_references
    Feature record: CXX_FEATURE:1cxx_sizeof_member
    Feature record: CXX_FEATURE:1cxx_static_assert
    Feature record: CXX_FEATURE:1cxx_strong_enums
    Feature record: CXX_FEATURE:1cxx_template_template_parameters
    Feature record: CXX_FEATURE:1cxx_thread_local
    Feature record: CXX_FEATURE:1cxx_trailing_return_types
    Feature record: CXX_FEATURE:1cxx_unicode_literals
    Feature record: CXX_FEATURE:1cxx_uniform_initialization
    Feature record: CXX_FEATURE:1cxx_unrestricted_unions
    Feature record: CXX_FEATURE:1cxx_user_literals
    Feature record: CXX_FEATURE:0cxx_variable_templates
    Feature record: CXX_FEATURE:1cxx_variadic_macros
    Feature record: CXX_FEATURE:1cxx_variadic_templates


Detecting CXX [-std=c++98] compiler features compiled with the following output:
Change Dir: /Users/ejunior/Desktop/allegro-5.2.4.0/CMakeFiles/CMakeTmp

Run Build Command:"/usr/bin/make" "cmTC_17aaa/fast"
/Library/Developer/CommandLineTools/usr/bin/make -f CMakeFiles/cmTC_17aaa.dir/build.make CMakeFiles/cmTC_17aaa.dir/build
Building CXX object CMakeFiles/cmTC_17aaa.dir/feature_tests.cxx.o
/Library/Developer/CommandLineTools/usr/bin/c++    -std=c++98 -o CMakeFiles/cmTC_17aaa.dir/feature_tests.cxx.o -c /Users/ejunior/Desktop/allegro-5.2.4.0/CMakeFiles/feature_tests.cxx
Linking CXX executable cmTC_17aaa
/opt/local/bin/cmake -E cmake_link_script CMakeFiles/cmTC_17aaa.dir/link.txt --verbose=1
/Library/Developer/CommandLineTools/usr/bin/c++    -Wl,-search_paths_first -Wl,-headerpad_max_install_names   CMakeFiles/cmTC_17aaa.dir/feature_tests.cxx.o  -o cmTC_17aaa 


    Feature record: CXX_FEATURE:0cxx_aggregate_default_initializers
    Feature record: CXX_FEATURE:0cxx_alias_templates
    Feature record: CXX_FEATURE:0cxx_alignas
    Feature record: CXX_FEATURE:0cxx_alignof
    Feature record: CXX_FEATURE:0cxx_attributes
    Feature record: CXX_FEATURE:0cxx_attribute_deprecated
    Feature record: CXX_FEATURE:0cxx_auto_type
    Feature record: CXX_FEATURE:0cxx_binary_literals
    Feature record: CXX_FEATURE:0cxx_constexpr
    Feature record: CXX_FEATURE:0cxx_contextual_conversions
    Feature record: CXX_FEATURE:0cxx_decltype
    Feature record: CXX_FEATURE:0cxx_decltype_auto
    Feature record: CXX_FEATURE:0cxx_decltype_incomplete_return_types
    Feature record: CXX_FEATURE:0cxx_default_function_template_args
    Feature record: CXX_FEATURE:0cxx_defaulted_functions
    Feature record: CXX_FEATURE:0cxx_defaulted_move_initializers
    Feature record: CXX_FEATURE:0cxx_delegating_constructors
    Feature record: CXX_FEATURE:0cxx_deleted_functions
    Feature record: CXX_FEATURE:0cxx_digit_separators
    Feature record: CXX_FEATURE:0cxx_enum_forward_declarations
    Feature record: CXX_FEATURE:0cxx_explicit_conversions
    Feature record: CXX_FEATURE:0cxx_extended_friend_declarations
    Feature record: CXX_FEATURE:0cxx_extern_templates
    Feature record: CXX_FEATURE:0cxx_final
    Feature record: CXX_FEATURE:0cxx_func_identifier
    Feature record: CXX_FEATURE:0cxx_generalized_initializers
    Feature record: CXX_FEATURE:0cxx_generic_lambdas
    Feature record: CXX_FEATURE:0cxx_inheriting_constructors
    Feature record: CXX_FEATURE:0cxx_inline_namespaces
    Feature record: CXX_FEATURE:0cxx_lambdas
    Feature record: CXX_FEATURE:0cxx_lambda_init_captures
    Feature record: CXX_FEATURE:0cxx_local_type_template_args
    Feature record: CXX_FEATURE:0cxx_long_long_type
    Feature record: CXX_FEATURE:0cxx_noexcept
    Feature record: CXX_FEATURE:0cxx_nonstatic_member_init
    Feature record: CXX_FEATURE:0cxx_nullptr
    Feature record: CXX_FEATURE:0cxx_override
    Feature record: CXX_FEATURE:0cxx_range_for
    Feature record: CXX_FEATURE:0cxx_raw_string_literals
    Feature record: CXX_FEATURE:0cxx_reference_qualified_functions
    Feature record: CXX_FEATURE:0cxx_relaxed_constexpr
    Feature record: CXX_FEATURE:0cxx_return_type_deduction
    Feature record: CXX_FEATURE:0cxx_right_angle_brackets
    Feature record: CXX_FEATURE:0cxx_rvalue_references
    Feature record: CXX_FEATURE:0cxx_sizeof_member
    Feature record: CXX_FEATURE:0cxx_static_assert
    Feature record: CXX_FEATURE:0cxx_strong_enums
    Feature record: CXX_FEATURE:1cxx_template_template_parameters
    Feature record: CXX_FEATURE:0cxx_thread_local
    Feature record: CXX_FEATURE:0cxx_trailing_return_types
    Feature record: CXX_FEATURE:0cxx_unicode_literals
    Feature record: CXX_FEATURE:0cxx_uniform_initialization
    Feature record: CXX_FEATURE:0cxx_unrestricted_unions
    Feature record: CXX_FEATURE:0cxx_user_literals
    Feature record: CXX_FEATURE:0cxx_variable_templates
    Feature record: CXX_FEATURE:0cxx_variadic_macros
    Feature record: CXX_FEATURE:0cxx_variadic_templates
Determining if the include file sys/types.h exists passed with the following output:
Change Dir: /Users/ejunior/Desktop/allegro-5.2.4.0/CMakeFiles/CMakeTmp

Run Build Command:"/usr/bin/make" "cmTC_32b0b/fast"
/Library/Developer/CommandLineTools/usr/bin/make -f CMakeFiles/cmTC_32b0b.dir/build.make CMakeFiles/cmTC_32b0b.dir/build
Building C object CMakeFiles/cmTC_32b0b.dir/CheckIncludeFile.c.o
/Library/Developer/CommandLineTools/usr/bin/cc   -fno-common -msse -W -Wall -Wpointer-arith -Wmissing-declarations -Wstrict-prototypes    -o CMakeFiles/cmTC_32b0b.dir/CheckIncludeFile.c.o   -c /Users/ejunior/Desktop/allegro-5.2.4.0/CMakeFiles/CMakeTmp/CheckIncludeFile.c
Linking C executable cmTC_32b0b
/opt/local/bin/cmake -E cmake_link_script CMakeFiles/cmTC_32b0b.dir/link.txt --verbose=1
/Library/Developer/CommandLineTools/usr/bin/cc  -fno-common -msse -W -Wall -Wpointer-arith -Wmissing-declarations -Wstrict-prototypes  -Wl,-search_paths_first -Wl,-headerpad_max_install_names   CMakeFiles/cmTC_32b0b.dir/CheckIncludeFile.c.o  -o cmTC_32b0b 


Determining if the include file stdint.h exists passed with the following output:
Change Dir: /Users/ejunior/Desktop/allegro-5.2.4.0/CMakeFiles/CMakeTmp

Run Build Command:"/usr/bin/make" "cmTC_8f1f7/fast"
/Library/Developer/CommandLineTools/usr/bin/make -f CMakeFiles/cmTC_8f1f7.dir/build.make CMakeFiles/cmTC_8f1f7.dir/build
Building C object CMakeFiles/cmTC_8f1f7.dir/CheckIncludeFile.c.o
/Library/Developer/CommandLineTools/usr/bin/cc   -fno-common -msse -W -Wall -Wpointer-arith -Wmissing-declarations -Wstrict-prototypes    -o CMakeFiles/cmTC_8f1f7.dir/CheckIncludeFile.c.o   -c /Users/ejunior/Desktop/allegro-5.2.4.0/CMakeFiles/CMakeTmp/CheckIncludeFile.c
Linking C executable cmTC_8f1f7
/opt/local/bin/cmake -E cmake_link_script CMakeFiles/cmTC_8f1f7.dir/link.txt --verbose=1
/Library/Developer/CommandLineTools/usr/bin/cc  -fno-common -msse -W -Wall -Wpointer-arith -Wmissing-declarations -Wstrict-prototypes  -Wl,-search_paths_first -Wl,-headerpad_max_install_names   CMakeFiles/cmTC_8f1f7.dir/CheckIncludeFile.c.o  -o cmTC_8f1f7 


Determining if the include file stddef.h exists passed with the following output:
Change Dir: /Users/ejunior/Desktop/allegro-5.2.4.0/CMakeFiles/CMakeTmp

Run Build Command:"/usr/bin/make" "cmTC_c7840/fast"
/Library/Developer/CommandLineTools/usr/bin/make -f CMakeFiles/cmTC_c7840.dir/build.make CMakeFiles/cmTC_c7840.dir/build
Building C object CMakeFiles/cmTC_c7840.dir/CheckIncludeFile.c.o
/Library/Developer/CommandLineTools/usr/bin/cc   -fno-common -msse -W -Wall -Wpointer-arith -Wmissing-declarations -Wstrict-prototypes    -o CMakeFiles/cmTC_c7840.dir/CheckIncludeFile.c.o   -c /Users/ejunior/Desktop/allegro-5.2.4.0/CMakeFiles/CMakeTmp/CheckIncludeFile.c
Linking C executable cmTC_c7840
/opt/local/bin/cmake -E cmake_link_script CMakeFiles/cmTC_c7840.dir/link.txt --verbose=1
/Library/Developer/CommandLineTools/usr/bin/cc  -fno-common -msse -W -Wall -Wpointer-arith -Wmissing-declarations -Wstrict-prototypes  -Wl,-search_paths_first -Wl,-headerpad_max_install_names   CMakeFiles/cmTC_c7840.dir/CheckIncludeFile.c.o  -o cmTC_c7840 


Determining size of unsigned short passed with the following output:
Change Dir: /Users/ejunior/Desktop/allegro-5.2.4.0/CMakeFiles/CMakeTmp

Run Build Command:"/usr/bin/make" "cmTC_a36aa/fast"
/Library/Developer/CommandLineTools/usr/bin/make -f CMakeFiles/cmTC_a36aa.dir/build.make CMakeFiles/cmTC_a36aa.dir/build
Building C object CMakeFiles/cmTC_a36aa.dir/CMAKE_SIZEOF_UNSIGNED_SHORT.c.o
/Library/Developer/CommandLineTools/usr/bin/cc   -fno-common -msse -W -Wall -Wpointer-arith -Wmissing-declarations -Wstrict-prototypes    -o CMakeFiles/cmTC_a36aa.dir/CMAKE_SIZEOF_UNSIGNED_SHORT.c.o   -c /Users/ejunior/Desktop/allegro-5.2.4.0/CMakeFiles/CheckTypeSize/CMAKE_SIZEOF_UNSIGNED_SHORT.c
Linking C executable cmTC_a36aa
/opt/local/bin/cmake -E cmake_link_script CMakeFiles/cmTC_a36aa.dir/link.txt --verbose=1
/Library/Developer/CommandLineTools/usr/bin/cc  -fno-common -msse -W -Wall -Wpointer-arith -Wmissing-declarations -Wstrict-prototypes  -Wl,-search_paths_first -Wl,-headerpad_max_install_names   CMakeFiles/cmTC_a36aa.dir/CMAKE_SIZEOF_UNSIGNED_SHORT.c.o  -o cmTC_a36aa 


Determining if the system is big endian passed with the following output:
Change Dir: /Users/ejunior/Desktop/allegro-5.2.4.0/CMakeFiles/CMakeTmp

Run Build Command:"/usr/bin/make" "cmTC_40033/fast"
/Library/Developer/CommandLineTools/usr/bin/make -f CMakeFiles/cmTC_40033.dir/build.make CMakeFiles/cmTC_40033.dir/build
Building C object CMakeFiles/cmTC_40033.dir/TestEndianess.c.o
/Library/Developer/CommandLineTools/usr/bin/cc   -fno-common -msse -W -Wall -Wpointer-arith -Wmissing-declarations -Wstrict-prototypes    -o CMakeFiles/cmTC_40033.dir/TestEndianess.c.o   -c /Users/ejunior/Desktop/allegro-5.2.4.0/CMakeFiles/CMakeTmp/TestEndianess.c
Linking C executable cmTC_40033
/opt/local/bin/cmake -E cmake_link_script CMakeFiles/cmTC_40033.dir/link.txt --verbose=1
/Library/Developer/CommandLineTools/usr/bin/cc  -fno-common -msse -W -Wall -Wpointer-arith -Wmissing-declarations -Wstrict-prototypes  -Wl,-search_paths_first -Wl,-headerpad_max_install_names   CMakeFiles/cmTC_40033.dir/TestEndianess.c.o  -o cmTC_40033 

TestEndianess.c:
/* A 16 bit integer is required. */
typedef unsigned short cmakeint16;

/* On a little endian machine, these 16bit ints will give "THIS IS LITTLE ENDIAN."
   On a big endian machine the characters will be exchanged pairwise. */
const cmakeint16 info_little[] =  {0x4854, 0x5349, 0x4920, 0x2053, 0x494c, 0x5454, 0x454c, 0x4520, 0x444e, 0x4149, 0x2e4e, 0x0000};

/* on a big endian machine, these 16bit ints will give "THIS IS BIG ENDIAN."
   On a little endian machine the characters will be exchanged pairwise. */
const cmakeint16 info_big[] =     {0x5448, 0x4953, 0x2049, 0x5320, 0x4249, 0x4720, 0x454e, 0x4449, 0x414e, 0x2e2e, 0x0000};

#ifdef __CLASSIC_C__
int main(argc, argv) int argc; char *argv[];
#else
int main(int argc, char *argv[])
#endif
{
  int require = 0;
  require += info_little[argc];
  require += info_big[argc];
  (void)argv;
  return require;
}


Determining if files dirent.h exist passed with the following output:
Change Dir: /Users/ejunior/Desktop/allegro-5.2.4.0/CMakeFiles/CMakeTmp

Run Build Command:"/usr/bin/make" "cmTC_10f53/fast"
/Library/Developer/CommandLineTools/usr/bin/make -f CMakeFiles/cmTC_10f53.dir/build.make CMakeFiles/cmTC_10f53.dir/build
Building C object CMakeFiles/cmTC_10f53.dir/ALLEGRO_HAVE_DIRENT_H.c.o
/Library/Developer/CommandLineTools/usr/bin/cc   -fno-common -msse -W -Wall -Wpointer-arith -Wmissing-declarations -Wstrict-prototypes    -o CMakeFiles/cmTC_10f53.dir/ALLEGRO_HAVE_DIRENT_H.c.o   -c /Users/ejunior/Desktop/allegro-5.2.4.0/CMakeFiles/CheckIncludeFiles/ALLEGRO_HAVE_DIRENT_H.c
Linking C executable cmTC_10f53
/opt/local/bin/cmake -E cmake_link_script CMakeFiles/cmTC_10f53.dir/link.txt --verbose=1
/Library/Developer/CommandLineTools/usr/bin/cc  -fno-common -msse -W -Wall -Wpointer-arith -Wmissing-declarations -Wstrict-prototypes  -Wl,-search_paths_first -Wl,-headerpad_max_install_names   CMakeFiles/cmTC_10f53.dir/ALLEGRO_HAVE_DIRENT_H.c.o  -o cmTC_10f53 


Determining if files inttypes.h exist passed with the following output:
Change Dir: /Users/ejunior/Desktop/allegro-5.2.4.0/CMakeFiles/CMakeTmp

Run Build Command:"/usr/bin/make" "cmTC_faac7/fast"
/Library/Developer/CommandLineTools/usr/bin/make -f CMakeFiles/cmTC_faac7.dir/build.make CMakeFiles/cmTC_faac7.dir/build
Building C object CMakeFiles/cmTC_faac7.dir/ALLEGRO_HAVE_INTTYPES_H.c.o
/Library/Developer/CommandLineTools/usr/bin/cc   -fno-common -msse -W -Wall -Wpointer-arith -Wmissing-declarations -Wstrict-prototypes    -o CMakeFiles/cmTC_faac7.dir/ALLEGRO_HAVE_INTTYPES_H.c.o   -c /Users/ejunior/Desktop/allegro-5.2.4.0/CMakeFiles/CheckIncludeFiles/ALLEGRO_HAVE_INTTYPES_H.c
Linking C executable cmTC_faac7
/opt/local/bin/cmake -E cmake_link_script CMakeFiles/cmTC_faac7.dir/link.txt --verbose=1
/Library/Developer/CommandLineTools/usr/bin/cc  -fno-common -msse -W -Wall -Wpointer-arith -Wmissing-declarations -Wstrict-prototypes  -Wl,-search_paths_first -Wl,-headerpad_max_install_names   CMakeFiles/cmTC_faac7.dir/ALLEGRO_HAVE_INTTYPES_H.c.o  -o cmTC_faac7 


Determining if files stdbool.h exist passed with the following output:
Change Dir: /Users/ejunior/Desktop/allegro-5.2.4.0/CMakeFiles/CMakeTmp

Run Build Command:"/usr/bin/make" "cmTC_2f778/fast"
/Library/Developer/CommandLineTools/usr/bin/make -f CMakeFiles/cmTC_2f778.dir/build.make CMakeFiles/cmTC_2f778.dir/build
Building C object CMakeFiles/cmTC_2f778.dir/ALLEGRO_HAVE_STDBOOL_H.c.o
/Library/Developer/CommandLineTools/usr/bin/cc   -fno-common -msse -W -Wall -Wpointer-arith -Wmissing-declarations -Wstrict-prototypes    -o CMakeFiles/cmTC_2f778.dir/ALLEGRO_HAVE_STDBOOL_H.c.o   -c /Users/ejunior/Desktop/allegro-5.2.4.0/CMakeFiles/CheckIncludeFiles/ALLEGRO_HAVE_STDBOOL_H.c
Linking C executable cmTC_2f778
/opt/local/bin/cmake -E cmake_link_script CMakeFiles/cmTC_2f778.dir/link.txt --verbose=1
/Library/Developer/CommandLineTools/usr/bin/cc  -fno-common -msse -W -Wall -Wpointer-arith -Wmissing-declarations -Wstrict-prototypes  -Wl,-search_paths_first -Wl,-headerpad_max_install_names   CMakeFiles/cmTC_2f778.dir/ALLEGRO_HAVE_STDBOOL_H.c.o  -o cmTC_2f778 


Determining if files stdint.h exist passed with the following output:
Change Dir: /Users/ejunior/Desktop/allegro-5.2.4.0/CMakeFiles/CMakeTmp

Run Build Command:"/usr/bin/make" "cmTC_71aa8/fast"
/Library/Developer/CommandLineTools/usr/bin/make -f CMakeFiles/cmTC_71aa8.dir/build.make CMakeFiles/cmTC_71aa8.dir/build
Building C object CMakeFiles/cmTC_71aa8.dir/ALLEGRO_HAVE_STDINT_H.c.o
/Library/Developer/CommandLineTools/usr/bin/cc   -fno-common -msse -W -Wall -Wpointer-arith -Wmissing-declarations -Wstrict-prototypes    -o CMakeFiles/cmTC_71aa8.dir/ALLEGRO_HAVE_STDINT_H.c.o   -c /Users/ejunior/Desktop/allegro-5.2.4.0/CMakeFiles/CheckIncludeFiles/ALLEGRO_HAVE_STDINT_H.c
Linking C executable cmTC_71aa8
/opt/local/bin/cmake -E cmake_link_script CMakeFiles/cmTC_71aa8.dir/link.txt --verbose=1
/Library/Developer/CommandLineTools/usr/bin/cc  -fno-common -msse -W -Wall -Wpointer-arith -Wmissing-declarations -Wstrict-prototypes  -Wl,-search_paths_first -Wl,-headerpad_max_install_names   CMakeFiles/cmTC_71aa8.dir/ALLEGRO_HAVE_STDINT_H.c.o  -o cmTC_71aa8 


Determining if files sys/stat.h exist passed with the following output:
Change Dir: /Users/ejunior/Desktop/allegro-5.2.4.0/CMakeFiles/CMakeTmp

Run Build Command:"/usr/bin/make" "cmTC_5775d/fast"
/Library/Developer/CommandLineTools/usr/bin/make -f CMakeFiles/cmTC_5775d.dir/build.make CMakeFiles/cmTC_5775d.dir/build
Building C object CMakeFiles/cmTC_5775d.dir/ALLEGRO_HAVE_SYS_STAT_H.c.o
/Library/Developer/CommandLineTools/usr/bin/cc   -fno-common -msse -W -Wall -Wpointer-arith -Wmissing-declarations -Wstrict-prototypes    -o CMakeFiles/cmTC_5775d.dir/ALLEGRO_HAVE_SYS_STAT_H.c.o   -c /Users/ejunior/Desktop/allegro-5.2.4.0/CMakeFiles/CheckIncludeFiles/ALLEGRO_HAVE_SYS_STAT_H.c
Linking C executable cmTC_5775d
/opt/local/bin/cmake -E cmake_link_script CMakeFiles/cmTC_5775d.dir/link.txt --verbose=1
/Library/Developer/CommandLineTools/usr/bin/cc  -fno-common -msse -W -Wall -Wpointer-arith -Wmissing-declarations -Wstrict-prototypes  -Wl,-search_paths_first -Wl,-headerpad_max_install_names   CMakeFiles/cmTC_5775d.dir/ALLEGRO_HAVE_SYS_STAT_H.c.o  -o cmTC_5775d 


Determining if files sys/time.h exist passed with the following output:
Change Dir: /Users/ejunior/Desktop/allegro-5.2.4.0/CMakeFiles/CMakeTmp

Run Build Command:"/usr/bin/make" "cmTC_9627f/fast"
/Library/Developer/CommandLineTools/usr/bin/make -f CMakeFiles/cmTC_9627f.dir/build.make CMakeFiles/cmTC_9627f.dir/build
Building C object CMakeFiles/cmTC_9627f.dir/ALLEGRO_HAVE_SYS_TIME_H.c.o
/Library/Developer/CommandLineTools/usr/bin/cc   -fno-common -msse -W -Wall -Wpointer-arith -Wmissing-declarations -Wstrict-prototypes    -o CMakeFiles/cmTC_9627f.dir/ALLEGRO_HAVE_SYS_TIME_H.c.o   -c /Users/ejunior/Desktop/allegro-5.2.4.0/CMakeFiles/CheckIncludeFiles/ALLEGRO_HAVE_SYS_TIME_H.c
Linking C executable cmTC_9627f
/opt/local/bin/cmake -E cmake_link_script CMakeFiles/cmTC_9627f.dir/link.txt --verbose=1
/Library/Developer/CommandLineTools/usr/bin/cc  -fno-common -msse -W -Wall -Wpointer-arith -Wmissing-declarations -Wstrict-prototypes  -Wl,-search_paths_first -Wl,-headerpad_max_install_names   CMakeFiles/cmTC_9627f.dir/ALLEGRO_HAVE_SYS_TIME_H.c.o  -o cmTC_9627f 


Determining if files time.h exist passed with the following output:
Change Dir: /Users/ejunior/Desktop/allegro-5.2.4.0/CMakeFiles/CMakeTmp

Run Build Command:"/usr/bin/make" "cmTC_85950/fast"
/Library/Developer/CommandLineTools/usr/bin/make -f CMakeFiles/cmTC_85950.dir/build.make CMakeFiles/cmTC_85950.dir/build
Building C object CMakeFiles/cmTC_85950.dir/ALLEGRO_HAVE_TIME_H.c.o
/Library/Developer/CommandLineTools/usr/bin/cc   -fno-common -msse -W -Wall -Wpointer-arith -Wmissing-declarations -Wstrict-prototypes    -o CMakeFiles/cmTC_85950.dir/ALLEGRO_HAVE_TIME_H.c.o   -c /Users/ejunior/Desktop/allegro-5.2.4.0/CMakeFiles/CheckIncludeFiles/ALLEGRO_HAVE_TIME_H.c
Linking C executable cmTC_85950
/opt/local/bin/cmake -E cmake_link_script CMakeFiles/cmTC_85950.dir/link.txt --verbose=1
/Library/Developer/CommandLineTools/usr/bin/cc  -fno-common -msse -W -Wall -Wpointer-arith -Wmissing-declarations -Wstrict-prototypes  -Wl,-search_paths_first -Wl,-headerpad_max_install_names   CMakeFiles/cmTC_85950.dir/ALLEGRO_HAVE_TIME_H.c.o  -o cmTC_85950 


Determining if files sys/utsname.h exist passed with the following output:
Change Dir: /Users/ejunior/Desktop/allegro-5.2.4.0/CMakeFiles/CMakeTmp

Run Build Command:"/usr/bin/make" "cmTC_b3591/fast"
/Library/Developer/CommandLineTools/usr/bin/make -f CMakeFiles/cmTC_b3591.dir/build.make CMakeFiles/cmTC_b3591.dir/build
Building C object CMakeFiles/cmTC_b3591.dir/ALLEGRO_HAVE_SYS_UTSNAME_H.c.o
/Library/Developer/CommandLineTools/usr/bin/cc   -fno-common -msse -W -Wall -Wpointer-arith -Wmissing-declarations -Wstrict-prototypes    -o CMakeFiles/cmTC_b3591.dir/ALLEGRO_HAVE_SYS_UTSNAME_H.c.o   -c /Users/ejunior/Desktop/allegro-5.2.4.0/CMakeFiles/CheckIncludeFiles/ALLEGRO_HAVE_SYS_UTSNAME_H.c
Linking C executable cmTC_b3591
/opt/local/bin/cmake -E cmake_link_script CMakeFiles/cmTC_b3591.dir/link.txt --verbose=1
/Library/Developer/CommandLineTools/usr/bin/cc  -fno-common -msse -W -Wall -Wpointer-arith -Wmissing-declarations -Wstrict-prototypes  -Wl,-search_paths_first -Wl,-headerpad_max_install_names   CMakeFiles/cmTC_b3591.dir/ALLEGRO_HAVE_SYS_UTSNAME_H.c.o  -o cmTC_b3591 


Determining if files sys/types.h exist passed with the following output:
Change Dir: /Users/ejunior/Desktop/allegro-5.2.4.0/CMakeFiles/CMakeTmp

Run Build Command:"/usr/bin/make" "cmTC_935da/fast"
/Library/Developer/CommandLineTools/usr/bin/make -f CMakeFiles/cmTC_935da.dir/build.make CMakeFiles/cmTC_935da.dir/build
Building C object CMakeFiles/cmTC_935da.dir/ALLEGRO_HAVE_SYS_TYPES_H.c.o
/Library/Developer/CommandLineTools/usr/bin/cc   -fno-common -msse -W -Wall -Wpointer-arith -Wmissing-declarations -Wstrict-prototypes    -o CMakeFiles/cmTC_935da.dir/ALLEGRO_HAVE_SYS_TYPES_H.c.o   -c /Users/ejunior/Desktop/allegro-5.2.4.0/CMakeFiles/CheckIncludeFiles/ALLEGRO_HAVE_SYS_TYPES_H.c
Linking C executable cmTC_935da
/opt/local/bin/cmake -E cmake_link_script CMakeFiles/cmTC_935da.dir/link.txt --verbose=1
/Library/Developer/CommandLineTools/usr/bin/cc  -fno-common -msse -W -Wall -Wpointer-arith -Wmissing-declarations -Wstrict-prototypes  -Wl,-search_paths_first -Wl,-headerpad_max_install_names   CMakeFiles/cmTC_935da.dir/ALLEGRO_HAVE_SYS_TYPES_H.c.o  -o cmTC_935da 


Determining if files libkern/OSAtomic.h exist passed with the following output:
Change Dir: /Users/ejunior/Desktop/allegro-5.2.4.0/CMakeFiles/CMakeTmp

Run Build Command:"/usr/bin/make" "cmTC_3ece9/fast"
/Library/Developer/CommandLineTools/usr/bin/make -f CMakeFiles/cmTC_3ece9.dir/build.make CMakeFiles/cmTC_3ece9.dir/build
Building C object CMakeFiles/cmTC_3ece9.dir/ALLEGRO_HAVE_OSATOMIC_H.c.o
/Library/Developer/CommandLineTools/usr/bin/cc   -fno-common -msse -W -Wall -Wpointer-arith -Wmissing-declarations -Wstrict-prototypes    -o CMakeFiles/cmTC_3ece9.dir/ALLEGRO_HAVE_OSATOMIC_H.c.o   -c /Users/ejunior/Desktop/allegro-5.2.4.0/CMakeFiles/CheckIncludeFiles/ALLEGRO_HAVE_OSATOMIC_H.c
Linking C executable cmTC_3ece9
/opt/local/bin/cmake -E cmake_link_script CMakeFiles/cmTC_3ece9.dir/link.txt --verbose=1
/Library/Developer/CommandLineTools/usr/bin/cc  -fno-common -msse -W -Wall -Wpointer-arith -Wmissing-declarations -Wstrict-prototypes  -Wl,-search_paths_first -Wl,-headerpad_max_install_names   CMakeFiles/cmTC_3ece9.dir/ALLEGRO_HAVE_OSATOMIC_H.c.o  -o cmTC_3ece9 


Determining if the function mkstemp exists passed with the following output:
Change Dir: /Users/ejunior/Desktop/allegro-5.2.4.0/CMakeFiles/CMakeTmp

Run Build Command:"/usr/bin/make" "cmTC_cf390/fast"
/Library/Developer/CommandLineTools/usr/bin/make -f CMakeFiles/cmTC_cf390.dir/build.make CMakeFiles/cmTC_cf390.dir/build
Building C object CMakeFiles/cmTC_cf390.dir/CheckFunctionExists.c.o
/Library/Developer/CommandLineTools/usr/bin/cc   -fno-common -msse -W -Wall -Wpointer-arith -Wmissing-declarations -Wstrict-prototypes -DCHECK_FUNCTION_EXISTS=mkstemp   -o CMakeFiles/cmTC_cf390.dir/CheckFunctionExists.c.o   -c /opt/local/share/cmake-3.12/Modules/CheckFunctionExists.c
Linking C executable cmTC_cf390
/opt/local/bin/cmake -E cmake_link_script CMakeFiles/cmTC_cf390.dir/link.txt --verbose=1
/Library/Developer/CommandLineTools/usr/bin/cc  -fno-common -msse -W -Wall -Wpointer-arith -Wmissing-declarations -Wstrict-prototypes -DCHECK_FUNCTION_EXISTS=mkstemp -Wl,-search_paths_first -Wl,-headerpad_max_install_names   CMakeFiles/cmTC_cf390.dir/CheckFunctionExists.c.o  -o cmTC_cf390 


Determining if the function mmap exists passed with the following output:
Change Dir: /Users/ejunior/Desktop/allegro-5.2.4.0/CMakeFiles/CMakeTmp

Run Build Command:"/usr/bin/make" "cmTC_51103/fast"
/Library/Developer/CommandLineTools/usr/bin/make -f CMakeFiles/cmTC_51103.dir/build.make CMakeFiles/cmTC_51103.dir/build
Building C object CMakeFiles/cmTC_51103.dir/CheckFunctionExists.c.o
/Library/Developer/CommandLineTools/usr/bin/cc   -fno-common -msse -W -Wall -Wpointer-arith -Wmissing-declarations -Wstrict-prototypes -DCHECK_FUNCTION_EXISTS=mmap   -o CMakeFiles/cmTC_51103.dir/CheckFunctionExists.c.o   -c /opt/local/share/cmake-3.12/Modules/CheckFunctionExists.c
Linking C executable cmTC_51103
/opt/local/bin/cmake -E cmake_link_script CMakeFiles/cmTC_51103.dir/link.txt --verbose=1
/Library/Developer/CommandLineTools/usr/bin/cc  -fno-common -msse -W -Wall -Wpointer-arith -Wmissing-declarations -Wstrict-prototypes -DCHECK_FUNCTION_EXISTS=mmap -Wl,-search_paths_first -Wl,-headerpad_max_install_names   CMakeFiles/cmTC_51103.dir/CheckFunctionExists.c.o  -o cmTC_51103 


Determining if the function mprotect exists passed with the following output:
Change Dir: /Users/ejunior/Desktop/allegro-5.2.4.0/CMakeFiles/CMakeTmp

Run Build Command:"/usr/bin/make" "cmTC_ff10d/fast"
/Library/Developer/CommandLineTools/usr/bin/make -f CMakeFiles/cmTC_ff10d.dir/build.make CMakeFiles/cmTC_ff10d.dir/build
Building C object CMakeFiles/cmTC_ff10d.dir/CheckFunctionExists.c.o
/Library/Developer/CommandLineTools/usr/bin/cc   -fno-common -msse -W -Wall -Wpointer-arith -Wmissing-declarations -Wstrict-prototypes -DCHECK_FUNCTION_EXISTS=mprotect   -o CMakeFiles/cmTC_ff10d.dir/CheckFunctionExists.c.o   -c /opt/local/share/cmake-3.12/Modules/CheckFunctionExists.c
Linking C executable cmTC_ff10d
/opt/local/bin/cmake -E cmake_link_script CMakeFiles/cmTC_ff10d.dir/link.txt --verbose=1
/Library/Developer/CommandLineTools/usr/bin/cc  -fno-common -msse -W -Wall -Wpointer-arith -Wmissing-declarations -Wstrict-prototypes -DCHECK_FUNCTION_EXISTS=mprotect -Wl,-search_paths_first -Wl,-headerpad_max_install_names   CMakeFiles/cmTC_ff10d.dir/CheckFunctionExists.c.o  -o cmTC_ff10d 


Determining if the function sched_yield exists passed with the following output:
Change Dir: /Users/ejunior/Desktop/allegro-5.2.4.0/CMakeFiles/CMakeTmp

Run Build Command:"/usr/bin/make" "cmTC_06426/fast"
/Library/Developer/CommandLineTools/usr/bin/make -f CMakeFiles/cmTC_06426.dir/build.make CMakeFiles/cmTC_06426.dir/build
Building C object CMakeFiles/cmTC_06426.dir/CheckFunctionExists.c.o
/Library/Developer/CommandLineTools/usr/bin/cc   -fno-common -msse -W -Wall -Wpointer-arith -Wmissing-declarations -Wstrict-prototypes -DCHECK_FUNCTION_EXISTS=sched_yield   -o CMakeFiles/cmTC_06426.dir/CheckFunctionExists.c.o   -c /opt/local/share/cmake-3.12/Modules/CheckFunctionExists.c
Linking C executable cmTC_06426
/opt/local/bin/cmake -E cmake_link_script CMakeFiles/cmTC_06426.dir/link.txt --verbose=1
/Library/Developer/CommandLineTools/usr/bin/cc  -fno-common -msse -W -Wall -Wpointer-arith -Wmissing-declarations -Wstrict-prototypes -DCHECK_FUNCTION_EXISTS=sched_yield -Wl,-search_paths_first -Wl,-headerpad_max_install_names   CMakeFiles/cmTC_06426.dir/CheckFunctionExists.c.o  -o cmTC_06426 


Determining if the function sysconf exists passed with the following output:
Change Dir: /Users/ejunior/Desktop/allegro-5.2.4.0/CMakeFiles/CMakeTmp

Run Build Command:"/usr/bin/make" "cmTC_e54e7/fast"
/Library/Developer/CommandLineTools/usr/bin/make -f CMakeFiles/cmTC_e54e7.dir/build.make CMakeFiles/cmTC_e54e7.dir/build
Building C object CMakeFiles/cmTC_e54e7.dir/CheckFunctionExists.c.o
/Library/Developer/CommandLineTools/usr/bin/cc   -fno-common -msse -W -Wall -Wpointer-arith -Wmissing-declarations -Wstrict-prototypes -DCHECK_FUNCTION_EXISTS=sysconf   -o CMakeFiles/cmTC_e54e7.dir/CheckFunctionExists.c.o   -c /opt/local/share/cmake-3.12/Modules/CheckFunctionExists.c
Linking C executable cmTC_e54e7
/opt/local/bin/cmake -E cmake_link_script CMakeFiles/cmTC_e54e7.dir/link.txt --verbose=1
/Library/Developer/CommandLineTools/usr/bin/cc  -fno-common -msse -W -Wall -Wpointer-arith -Wmissing-declarations -Wstrict-prototypes -DCHECK_FUNCTION_EXISTS=sysconf -Wl,-search_paths_first -Wl,-headerpad_max_install_names   CMakeFiles/cmTC_e54e7.dir/CheckFunctionExists.c.o  -o cmTC_e54e7 


Determining if the function fseeko exists passed with the following output:
Change Dir: /Users/ejunior/Desktop/allegro-5.2.4.0/CMakeFiles/CMakeTmp

Run Build Command:"/usr/bin/make" "cmTC_3f4a9/fast"
/Library/Developer/CommandLineTools/usr/bin/make -f CMakeFiles/cmTC_3f4a9.dir/build.make CMakeFiles/cmTC_3f4a9.dir/build
Building C object CMakeFiles/cmTC_3f4a9.dir/CheckFunctionExists.c.o
/Library/Developer/CommandLineTools/usr/bin/cc   -fno-common -msse -W -Wall -Wpointer-arith -Wmissing-declarations -Wstrict-prototypes -DCHECK_FUNCTION_EXISTS=fseeko   -o CMakeFiles/cmTC_3f4a9.dir/CheckFunctionExists.c.o   -c /opt/local/share/cmake-3.12/Modules/CheckFunctionExists.c
Linking C executable cmTC_3f4a9
/opt/local/bin/cmake -E cmake_link_script CMakeFiles/cmTC_3f4a9.dir/link.txt --verbose=1
/Library/Developer/CommandLineTools/usr/bin/cc  -fno-common -msse -W -Wall -Wpointer-arith -Wmissing-declarations -Wstrict-prototypes -DCHECK_FUNCTION_EXISTS=fseeko -Wl,-search_paths_first -Wl,-headerpad_max_install_names   CMakeFiles/cmTC_3f4a9.dir/CheckFunctionExists.c.o  -o cmTC_3f4a9 


Determining if the function ftello exists passed with the following output:
Change Dir: /Users/ejunior/Desktop/allegro-5.2.4.0/CMakeFiles/CMakeTmp

Run Build Command:"/usr/bin/make" "cmTC_8c2a8/fast"
/Library/Developer/CommandLineTools/usr/bin/make -f CMakeFiles/cmTC_8c2a8.dir/build.make CMakeFiles/cmTC_8c2a8.dir/build
Building C object CMakeFiles/cmTC_8c2a8.dir/CheckFunctionExists.c.o
/Library/Developer/CommandLineTools/usr/bin/cc   -fno-common -msse -W -Wall -Wpointer-arith -Wmissing-declarations -Wstrict-prototypes -DCHECK_FUNCTION_EXISTS=ftello   -o CMakeFiles/cmTC_8c2a8.dir/CheckFunctionExists.c.o   -c /opt/local/share/cmake-3.12/Modules/CheckFunctionExists.c
Linking C executable cmTC_8c2a8
/opt/local/bin/cmake -E cmake_link_script CMakeFiles/cmTC_8c2a8.dir/link.txt --verbose=1
/Library/Developer/CommandLineTools/usr/bin/cc  -fno-common -msse -W -Wall -Wpointer-arith -Wmissing-declarations -Wstrict-prototypes -DCHECK_FUNCTION_EXISTS=ftello -Wl,-search_paths_first -Wl,-headerpad_max_install_names   CMakeFiles/cmTC_8c2a8.dir/CheckFunctionExists.c.o  -o cmTC_8c2a8 


Determining if the function strerror_r exists passed with the following output:
Change Dir: /Users/ejunior/Desktop/allegro-5.2.4.0/CMakeFiles/CMakeTmp

Run Build Command:"/usr/bin/make" "cmTC_405af/fast"
/Library/Developer/CommandLineTools/usr/bin/make -f CMakeFiles/cmTC_405af.dir/build.make CMakeFiles/cmTC_405af.dir/build
Building C object CMakeFiles/cmTC_405af.dir/CheckFunctionExists.c.o
/Library/Developer/CommandLineTools/usr/bin/cc   -fno-common -msse -W -Wall -Wpointer-arith -Wmissing-declarations -Wstrict-prototypes -DCHECK_FUNCTION_EXISTS=strerror_r   -o CMakeFiles/cmTC_405af.dir/CheckFunctionExists.c.o   -c /opt/local/share/cmake-3.12/Modules/CheckFunctionExists.c
Linking C executable cmTC_405af
/opt/local/bin/cmake -E cmake_link_script CMakeFiles/cmTC_405af.dir/link.txt --verbose=1
/Library/Developer/CommandLineTools/usr/bin/cc  -fno-common -msse -W -Wall -Wpointer-arith -Wmissing-declarations -Wstrict-prototypes -DCHECK_FUNCTION_EXISTS=strerror_r -Wl,-search_paths_first -Wl,-headerpad_max_install_names   CMakeFiles/cmTC_405af.dir/CheckFunctionExists.c.o  -o cmTC_405af 


Determining size of _Bool passed with the following output:
Change Dir: /Users/ejunior/Desktop/allegro-5.2.4.0/CMakeFiles/CMakeTmp

Run Build Command:"/usr/bin/make" "cmTC_de1d1/fast"
/Library/Developer/CommandLineTools/usr/bin/make -f CMakeFiles/cmTC_de1d1.dir/build.make CMakeFiles/cmTC_de1d1.dir/build
Building C object CMakeFiles/cmTC_de1d1.dir/ALLEGRO_HAVE__BOOL.c.o
/Library/Developer/CommandLineTools/usr/bin/cc   -fno-common -msse -W -Wall -Wpointer-arith -Wmissing-declarations -Wstrict-prototypes    -o CMakeFiles/cmTC_de1d1.dir/ALLEGRO_HAVE__BOOL.c.o   -c /Users/ejunior/Desktop/allegro-5.2.4.0/CMakeFiles/CheckTypeSize/ALLEGRO_HAVE__BOOL.c
Linking C executable cmTC_de1d1
/opt/local/bin/cmake -E cmake_link_script CMakeFiles/cmTC_de1d1.dir/link.txt --verbose=1
/Library/Developer/CommandLineTools/usr/bin/cc  -fno-common -msse -W -Wall -Wpointer-arith -Wmissing-declarations -Wstrict-prototypes  -Wl,-search_paths_first -Wl,-headerpad_max_install_names   CMakeFiles/cmTC_de1d1.dir/ALLEGRO_HAVE__BOOL.c.o  -o cmTC_de1d1 


Performing C SOURCE FILE Test ALLEGRO_HAVE_VA_COPY succeeded with the following output:
Change Dir: /Users/ejunior/Desktop/allegro-5.2.4.0/CMakeFiles/CMakeTmp

Run Build Command:"/usr/bin/make" "cmTC_9f091/fast"
/Library/Developer/CommandLineTools/usr/bin/make -f CMakeFiles/cmTC_9f091.dir/build.make CMakeFiles/cmTC_9f091.dir/build
Building C object CMakeFiles/cmTC_9f091.dir/src.c.o
/Library/Developer/CommandLineTools/usr/bin/cc   -fno-common -msse -W -Wall -Wpointer-arith -Wmissing-declarations -Wstrict-prototypes -DALLEGRO_HAVE_VA_COPY   -o CMakeFiles/cmTC_9f091.dir/src.c.o   -c /Users/ejunior/Desktop/allegro-5.2.4.0/CMakeFiles/CMakeTmp/src.c
Linking C executable cmTC_9f091
/opt/local/bin/cmake -E cmake_link_script CMakeFiles/cmTC_9f091.dir/link.txt --verbose=1
/Library/Developer/CommandLineTools/usr/bin/cc  -fno-common -msse -W -Wall -Wpointer-arith -Wmissing-declarations -Wstrict-prototypes -DALLEGRO_HAVE_VA_COPY -Wl,-search_paths_first -Wl,-headerpad_max_install_names   CMakeFiles/cmTC_9f091.dir/src.c.o  -o cmTC_9f091 

Source file was:

    #include <stdarg.h>
    int main(void) {
        va_list a, b;
        va_copy(a, b);
        return 0;
    }
Determining if the include file pthread.h exists passed with the following output:
Change Dir: /Users/ejunior/Desktop/allegro-5.2.4.0/CMakeFiles/CMakeTmp

Run Build Command:"/usr/bin/make" "cmTC_3574b/fast"
/Library/Developer/CommandLineTools/usr/bin/make -f CMakeFiles/cmTC_3574b.dir/build.make CMakeFiles/cmTC_3574b.dir/build
Building C object CMakeFiles/cmTC_3574b.dir/CheckIncludeFile.c.o
/Library/Developer/CommandLineTools/usr/bin/cc   -fno-common -msse -W -Wall -Wpointer-arith -Wmissing-declarations -Wstrict-prototypes    -o CMakeFiles/cmTC_3574b.dir/CheckIncludeFile.c.o   -c /Users/ejunior/Desktop/allegro-5.2.4.0/CMakeFiles/CMakeTmp/CheckIncludeFile.c
Linking C executable cmTC_3574b
/opt/local/bin/cmake -E cmake_link_script CMakeFiles/cmTC_3574b.dir/link.txt --verbose=1
/Library/Developer/CommandLineTools/usr/bin/cc  -fno-common -msse -W -Wall -Wpointer-arith -Wmissing-declarations -Wstrict-prototypes  -Wl,-search_paths_first -Wl,-headerpad_max_install_names   CMakeFiles/cmTC_3574b.dir/CheckIncludeFile.c.o  -o cmTC_3574b 


Determining if the pthread_create exist passed with the following output:
Change Dir: /Users/ejunior/Desktop/allegro-5.2.4.0/CMakeFiles/CMakeTmp

Run Build Command:"/usr/bin/make" "cmTC_6f0a5/fast"
/Library/Developer/CommandLineTools/usr/bin/make -f CMakeFiles/cmTC_6f0a5.dir/build.make CMakeFiles/cmTC_6f0a5.dir/build
Building C object CMakeFiles/cmTC_6f0a5.dir/CheckSymbolExists.c.o
/Library/Developer/CommandLineTools/usr/bin/cc   -fno-common -msse -W -Wall -Wpointer-arith -Wmissing-declarations -Wstrict-prototypes    -o CMakeFiles/cmTC_6f0a5.dir/CheckSymbolExists.c.o   -c /Users/ejunior/Desktop/allegro-5.2.4.0/CMakeFiles/CMakeTmp/CheckSymbolExists.c
Linking C executable cmTC_6f0a5
/opt/local/bin/cmake -E cmake_link_script CMakeFiles/cmTC_6f0a5.dir/link.txt --verbose=1
/Library/Developer/CommandLineTools/usr/bin/cc  -fno-common -msse -W -Wall -Wpointer-arith -Wmissing-declarations -Wstrict-prototypes  -Wl,-search_paths_first -Wl,-headerpad_max_install_names   CMakeFiles/cmTC_6f0a5.dir/CheckSymbolExists.c.o  -o cmTC_6f0a5 

File /Users/ejunior/Desktop/allegro-5.2.4.0/CMakeFiles/CMakeTmp/CheckSymbolExists.c:
/* */
#include <pthread.h>

int main(int argc, char** argv)
{
  (void)argv;
#ifndef pthread_create
  return ((int*)(&pthread_create))[argc];
#else
  (void)argc;
  return 0;
#endif
}

